2025-05-11 23:46:25.416 [info] Extension host with pid 52711 started
2025-05-11 23:46:25.484 [info] ExtensionService#_doActivateExtension vscode.configuration-editing, startup: false, activationEvent: 'onLanguage:jsonc'
2025-05-11 23:46:25.499 [info] ExtensionService#_doActivateExtension vscode.json-language-features, startup: false, activationEvent: 'onLanguage:jsonc'
2025-05-11 23:46:25.582 [info] ExtensionService#_doActivateExtension vscode.typescript-language-features, startup: false, activationEvent: 'onLanguage:jsonc'
2025-05-11 23:46:25.647 [info] ExtensionService#_doActivateExtension vscode.emmet, startup: false, activationEvent: 'onLanguage'
2025-05-11 23:46:25.915 [info] ExtensionService#_doActivateExtension vscode.git-base, startup: true, activationEvent: '*', root cause: vscode.git
2025-05-11 23:46:25.917 [info] ExtensionService#_doActivateExtension vscode.git, startup: true, activationEvent: '*'
2025-05-11 23:46:25.957 [info] ExtensionService#_doActivateExtension vscode.github, startup: true, activationEvent: '*'
2025-05-11 23:46:26.006 [info] Eager extensions activated
2025-05-11 23:46:26.015 [info] ExtensionService#_doActivateExtension vscode.debug-auto-launch, startup: false, activationEvent: 'onStartupFinished'
2025-05-11 23:46:26.017 [info] ExtensionService#_doActivateExtension vscode.merge-conflict, startup: false, activationEvent: 'onStartupFinished'
2025-05-11 23:46:34.667 [info] Extension host terminating: renderer closed the MessagePort
2025-05-11 23:46:34.694 [info] Extension host with pid 52711 exiting with code 0
2025-05-11 23:46:35.758 [info] Extension host with pid 52778 started
2025-05-11 23:46:35.758 [info] Skipping acquiring lock for /home/stuart/.config/Code - OSS/User/workspaceStorage/fc6897712dc06a1b74ce2f9206fc7a57.
2025-05-11 23:46:35.773 [info] ExtensionService#_doActivateExtension vscode.configuration-editing, startup: false, activationEvent: 'onLanguage:jsonc'
2025-05-11 23:46:35.786 [info] ExtensionService#_doActivateExtension vscode.json-language-features, startup: false, activationEvent: 'onLanguage:jsonc'
2025-05-11 23:46:35.848 [info] ExtensionService#_doActivateExtension vscode.typescript-language-features, startup: false, activationEvent: 'onLanguage:jsonc'
2025-05-11 23:46:35.902 [info] ExtensionService#_doActivateExtension vscode.emmet, startup: false, activationEvent: 'onLanguage'
2025-05-11 23:46:36.152 [info] ExtensionService#_doActivateExtension vscode.git-base, startup: true, activationEvent: '*', root cause: vscode.git
2025-05-11 23:46:36.154 [info] ExtensionService#_doActivateExtension vscode.git, startup: true, activationEvent: '*'
2025-05-11 23:46:36.193 [info] ExtensionService#_doActivateExtension vscode.github, startup: true, activationEvent: '*'
2025-05-11 23:46:36.245 [info] Eager extensions activated
2025-05-11 23:46:36.260 [info] ExtensionService#_doActivateExtension vscode.debug-auto-launch, startup: false, activationEvent: 'onStartupFinished'
2025-05-11 23:46:36.261 [info] ExtensionService#_doActivateExtension vscode.merge-conflict, startup: false, activationEvent: 'onStartupFinished'
2025-05-11 23:46:36.379 [info] ExtensionService#_doActivateExtension vscode.github-authentication, startup: false, activationEvent: 'onAuthenticationRequest:github'
2025-05-11 23:46:41.146 [info] ExtensionService#_doActivateExtension vscode.extension-editing, startup: false, activationEvent: 'onLanguage:markdown'
2025-05-11 23:46:41.177 [info] ExtensionService#_doActivateExtension vscode.markdown-language-features, startup: false, activationEvent: 'onLanguage:markdown'
2025-05-11 23:46:41.602 [info] ExtensionService#_doActivateExtension vscode.markdown-math, startup: false, activationEvent: 'api', root cause: vscode.markdown-language-features
2025-05-11 23:48:44.403 [info] ExtensionService#_doActivateExtension vscode.npm, startup: false, activationEvent: 'onLanguage:json'
2025-05-12 00:02:36.295 [info] Extension host terminating: renderer closed the MessagePort
2025-05-12 00:02:36.313 [info] Extension host with pid 52778 exiting with code 0
