2025-05-15 23:23:59.601 [info] Reading sessions from keychain...
2025-05-15 23:23:59.601 [info] Getting sessions for all scopes...
2025-05-15 23:23:59.601 [info] Getting sessions for all scopes...
2025-05-15 23:23:59.601 [info] Got stored sessions!
2025-05-15 23:23:59.601 [info] Got 1 verified sessions.
2025-05-15 23:23:59.601 [info] Got 1 sessions for ...
2025-05-15 23:23:59.601 [info] Got 1 sessions for ...
2025-05-15 23:23:59.601 [info] Getting sessions for read:user,repo,user:email,workflow...
2025-05-15 23:23:59.601 [info] Got 1 sessions for read:user,repo,user:email,workflow...
2025-05-15 23:24:00.964 [info] Getting sessions for read:user,repo,user:email,workflow...
2025-05-15 23:24:00.964 [info] Got 1 sessions for read:user,repo,user:email,workflow...
2025-05-15 23:24:01.111 [info] Getting sessions for all scopes...
2025-05-15 23:24:01.111 [info] Got 1 sessions for ...
2025-05-15 23:26:57.704 [info] Getting sessions for read:user,repo,user:email,workflow...
2025-05-15 23:26:57.704 [info] Got 1 sessions for read:user,repo,user:email,workflow...
2025-05-15 23:26:57.927 [info] Getting sessions for read:user,repo,user:email,workflow...
2025-05-15 23:26:57.927 [info] Got 1 sessions for read:user,repo,user:email,workflow...
2025-05-15 23:31:30.084 [info] Reading sessions from keychain...
2025-05-15 23:31:30.084 [info] Getting sessions for all scopes...
2025-05-15 23:31:30.084 [info] Getting sessions for all scopes...
2025-05-15 23:31:30.084 [info] Got stored sessions!
2025-05-15 23:31:30.084 [info] Got 1 verified sessions.
2025-05-15 23:31:30.084 [info] Got 1 sessions for ...
2025-05-15 23:31:30.084 [info] Got 1 sessions for ...
2025-05-15 23:31:30.084 [info] Getting sessions for read:user,repo,user:email,workflow...
2025-05-15 23:31:30.084 [info] Got 1 sessions for read:user,repo,user:email,workflow...
2025-05-15 23:31:30.328 [info] Getting sessions for read:user,repo,user:email,workflow...
2025-05-15 23:31:30.328 [info] Got 1 sessions for read:user,repo,user:email,workflow...
2025-05-15 23:31:31.548 [info] Getting sessions for all scopes...
2025-05-15 23:31:31.548 [info] Got 1 sessions for ...
2025-05-15 23:32:22.661 [info] Getting sessions for read:user,repo,user:email,workflow...
2025-05-15 23:32:22.661 [info] Got 1 sessions for read:user,repo,user:email,workflow...
2025-05-15 23:32:22.911 [info] Getting sessions for read:user,repo,user:email,workflow...
2025-05-15 23:32:22.911 [info] Got 1 sessions for read:user,repo,user:email,workflow...
2025-05-15 23:32:29.133 [info] Getting sessions for read:user,repo,user:email,workflow...
2025-05-15 23:32:29.133 [info] Got 1 sessions for read:user,repo,user:email,workflow...
2025-05-15 23:32:29.858 [info] Getting sessions for read:user,repo,user:email,workflow...
2025-05-15 23:32:29.858 [info] Got 1 sessions for read:user,repo,user:email,workflow...
2025-05-15 23:35:25.402 [info] Reading sessions from keychain...
2025-05-15 23:35:25.402 [info] Getting sessions for all scopes...
2025-05-15 23:35:25.402 [info] Getting sessions for all scopes...
2025-05-15 23:35:25.402 [info] Got stored sessions!
2025-05-15 23:35:25.402 [info] Got 1 verified sessions.
2025-05-15 23:35:25.402 [info] Got 1 sessions for ...
2025-05-15 23:35:25.402 [info] Got 1 sessions for ...
2025-05-15 23:35:25.402 [info] Getting sessions for read:user,repo,user:email,workflow...
2025-05-15 23:35:25.402 [info] Got 1 sessions for read:user,repo,user:email,workflow...
2025-05-15 23:35:25.681 [info] Getting sessions for read:user,repo,user:email,workflow...
2025-05-15 23:35:25.681 [info] Got 1 sessions for read:user,repo,user:email,workflow...
2025-05-15 23:35:26.945 [info] Getting sessions for all scopes...
2025-05-15 23:35:26.945 [info] Got 1 sessions for ...
