2025-05-09 21:36:41.159 [info] [main] Log level: Info
2025-05-09 21:36:41.159 [info] [main] Validating found git in: "git"
2025-05-09 21:36:41.159 [info] [main] Using git "2.49.0" from "git"
2025-05-09 21:36:41.159 [info] [Model][doInitialScan] Initial repository scan started
2025-05-09 21:36:41.159 [info] [Model][doInitialScan] Initial repository scan completed - repositories (0), closed repositories (0), parent repositories (0), unsafe repositories (0)
2025-05-09 21:37:48.551 [info] [main] Log level: Info
2025-05-09 21:37:48.551 [info] [main] Validating found git in: "git"
2025-05-09 21:37:48.551 [info] [main] Using git "2.49.0" from "git"
2025-05-09 21:37:48.551 [info] [Model][doInitialScan] Initial repository scan started
2025-05-09 21:37:48.551 [info] > git rev-parse --show-toplevel [10ms]
2025-05-09 21:37:48.551 [info] fatal: not a git repository (or any of the parent directories): .git
2025-05-09 21:37:48.567 [info] > git rev-parse --show-toplevel [2ms]
2025-05-09 21:37:48.567 [info] fatal: not a git repository (or any of the parent directories): .git
2025-05-09 21:37:48.575 [info] > git rev-parse --show-toplevel [3ms]
2025-05-09 21:37:48.575 [info] fatal: not a git repository (or any of the parent directories): .git
2025-05-09 21:37:48.585 [info] > git rev-parse --show-toplevel [1ms]
2025-05-09 21:37:48.585 [info] fatal: not a git repository (or any of the parent directories): .git
2025-05-09 21:37:48.597 [info] > git rev-parse --show-toplevel [7ms]
2025-05-09 21:37:48.597 [info] fatal: not a git repository (or any of the parent directories): .git
2025-05-09 21:37:48.611 [info] > git rev-parse --show-toplevel [1ms]
2025-05-09 21:37:48.611 [info] fatal: not a git repository (or any of the parent directories): .git
2025-05-09 21:37:48.616 [info] > git rev-parse --show-toplevel [1ms]
2025-05-09 21:37:48.616 [info] fatal: not a git repository (or any of the parent directories): .git
2025-05-09 21:37:48.629 [info] > git rev-parse --show-toplevel [8ms]
2025-05-09 21:37:48.629 [info] fatal: not a git repository (or any of the parent directories): .git
2025-05-09 21:37:48.635 [info] > git rev-parse --show-toplevel [1ms]
2025-05-09 21:37:48.635 [info] fatal: not a git repository (or any of the parent directories): .git
2025-05-09 21:37:48.654 [info] > git rev-parse --show-toplevel [2ms]
2025-05-09 21:37:48.654 [info] fatal: not a git repository (or any of the parent directories): .git
2025-05-09 21:37:48.663 [info] > git rev-parse --show-toplevel [1ms]
2025-05-09 21:37:48.663 [info] fatal: not a git repository (or any of the parent directories): .git
2025-05-09 21:37:48.674 [info] > git rev-parse --show-toplevel [1ms]
2025-05-09 21:37:48.674 [info] fatal: not a git repository (or any of the parent directories): .git
2025-05-09 21:37:48.679 [info] > git rev-parse --show-toplevel [0ms]
2025-05-09 21:37:48.679 [info] fatal: not a git repository (or any of the parent directories): .git
2025-05-09 21:37:48.692 [info] > git rev-parse --show-toplevel [1ms]
2025-05-09 21:37:48.692 [info] fatal: not a git repository (or any of the parent directories): .git
2025-05-09 21:37:48.698 [info] > git rev-parse --show-toplevel [1ms]
2025-05-09 21:37:48.698 [info] fatal: not a git repository (or any of the parent directories): .git
2025-05-09 21:37:48.712 [info] > git rev-parse --show-toplevel [1ms]
2025-05-09 21:37:48.712 [info] fatal: not a git repository (or any of the parent directories): .git
2025-05-09 21:37:48.726 [info] > git rev-parse --show-toplevel [7ms]
2025-05-09 21:37:48.726 [info] fatal: not a git repository (or any of the parent directories): .git
2025-05-09 21:37:48.735 [info] > git rev-parse --show-toplevel [1ms]
2025-05-09 21:37:48.735 [info] fatal: not a git repository (or any of the parent directories): .git
2025-05-09 21:37:48.745 [info] > git rev-parse --show-toplevel [1ms]
2025-05-09 21:37:48.745 [info] fatal: not a git repository (or any of the parent directories): .git
2025-05-09 21:37:48.750 [info] > git rev-parse --show-toplevel [1ms]
2025-05-09 21:37:48.760 [info] > git rev-parse --git-dir --git-common-dir [6ms]
2025-05-09 21:37:48.777 [info] [Model][openRepository] Opened repository (path): /home/stuart/yay
2025-05-09 21:37:48.777 [info] [Model][openRepository] Opened repository (real path): /home/stuart/yay
2025-05-09 21:37:48.781 [info] [Model][doInitialScan] Initial repository scan completed - repositories (1), closed repositories (0), parent repositories (0), unsafe repositories (0)
2025-05-09 21:37:48.797 [info] > git config --get commit.template [9ms]
2025-05-09 21:37:48.812 [info] > git for-each-ref --format=%(refname)%00%(upstream:short)%00%(objectname)%00%(upstream:track)%00%(upstream:remotename)%00%(upstream:remoteref) refs/heads/master refs/remotes/master [8ms]
2025-05-09 21:37:48.828 [warning] [Git][revParse] Unable to read file: ENOENT: no such file or directory, open '/home/stuart/yay/.git/refs/remotes/origin/master'
2025-05-09 21:37:48.829 [info] > git rev-parse refs/remotes/origin/master [1ms]
2025-05-09 21:37:48.855 [info] > git status -z -uall [12ms]
2025-05-09 21:37:48.858 [info] > git for-each-ref --sort -committerdate --format %(refname)%00%(objectname)%00%(*objectname) [4ms]
2025-05-09 21:37:48.897 [info] > git for-each-ref --format=%(refname)%00%(upstream:short)%00%(objectname)%00%(upstream:track)%00%(upstream:remotename)%00%(upstream:remoteref) refs/heads/master refs/remotes/master [17ms]
2025-05-09 21:37:48.911 [info] > git config --get commit.template [14ms]
2025-05-09 21:37:48.912 [info] > git config --get --local branch.master.vscode-merge-base [2ms]
2025-05-09 21:37:48.912 [warning] [Git][config] git config failed: Failed to execute git
2025-05-09 21:37:48.929 [info] > git reflog master --grep-reflog=branch: Created from *. [13ms]
2025-05-09 21:37:48.937 [info] > git for-each-ref --format=%(refname)%00%(upstream:short)%00%(objectname)%00%(upstream:track)%00%(upstream:remotename)%00%(upstream:remoteref) refs/heads/master refs/remotes/master [8ms]
2025-05-09 21:37:48.946 [warning] [Git][revParse] Unable to read file: ENOENT: no such file or directory, open '/home/stuart/yay/.git/refs/remotes/origin/master'
2025-05-09 21:37:48.946 [info] > git symbolic-ref --short refs/remotes/origin/HEAD [13ms]
2025-05-09 21:37:48.950 [info] > git rev-parse refs/remotes/origin/master [4ms]
2025-05-09 21:37:48.959 [info] > git status -z -uall [5ms]
2025-05-09 21:37:48.959 [info] > git for-each-ref --format=%(refname)%00%(upstream:short)%00%(objectname)%00%(upstream:track)%00%(upstream:remotename)%00%(upstream:remoteref) refs/heads/origin/master refs/remotes/origin/master [9ms]
2025-05-09 21:37:48.972 [info] > git for-each-ref --sort -committerdate --format %(refname)%00%(objectname)%00%(*objectname) [14ms]
2025-05-09 21:37:48.991 [info] > git for-each-ref --format=%(refname)%00%(upstream:short)%00%(objectname)%00%(upstream:track)%00%(upstream:remotename)%00%(upstream:remoteref) refs/heads/master refs/remotes/master [4ms]
2025-05-09 21:37:49.018 [info] > git config --add --local branch.master.vscode-merge-base origin/master [46ms]
2025-05-09 21:37:49.032 [info] > git config --get --local branch.master.vscode-merge-base [15ms]
2025-05-09 21:37:49.046 [info] > git config --get commit.template [15ms]
2025-05-09 21:37:49.050 [info] > git for-each-ref --format=%(refname)%00%(upstream:short)%00%(objectname)%00%(upstream:track)%00%(upstream:remotename)%00%(upstream:remoteref) refs/heads/origin/master refs/remotes/origin/master [7ms]
2025-05-09 21:37:49.064 [info] > git for-each-ref --format=%(refname)%00%(upstream:short)%00%(objectname)%00%(upstream:track)%00%(upstream:remotename)%00%(upstream:remoteref) refs/heads/master refs/remotes/master [14ms]
2025-05-09 21:37:49.069 [warning] [Git][revParse] Unable to read file: ENOENT: no such file or directory, open '/home/stuart/yay/.git/refs/remotes/origin/master'
2025-05-09 21:37:49.069 [info] > git merge-base refs/heads/master refs/remotes/origin/master [5ms]
2025-05-09 21:37:49.084 [info] > git rev-parse refs/remotes/origin/master [15ms]
2025-05-09 21:37:49.102 [info] > git status -z -uall [6ms]
2025-05-09 21:37:49.102 [info] > git diff --name-status -z --diff-filter=ADMR 59714d8ae3dc1e5790228c1faeef8283b0c0101f...refs/remotes/origin/master [19ms]
2025-05-09 21:37:49.103 [info] > git for-each-ref --sort -committerdate --format %(refname)%00%(objectname)%00%(*objectname) [1ms]
2025-05-09 21:37:49.316 [info] > git check-ignore -v -z --stdin [1ms]
2025-05-09 21:39:48.639 [info] > git rev-parse --show-toplevel [1ms]
2025-05-09 21:39:48.647 [info] > git rev-parse --git-dir --git-common-dir [1ms]
2025-05-09 21:39:48.650 [info] [Model][openRepository] Opened repository (path): /home/stuart/.cache/yay/studio-one-7
2025-05-09 21:39:48.650 [info] [Model][openRepository] Opened repository (real path): /home/stuart/.cache/yay/studio-one-7
2025-05-09 21:39:48.663 [info] > git config --get commit.template [7ms]
2025-05-09 21:39:48.664 [info] > git rev-parse --show-toplevel [1ms]
2025-05-09 21:39:48.673 [info] > git for-each-ref --format=%(refname)%00%(upstream:short)%00%(objectname)%00%(upstream:track)%00%(upstream:remotename)%00%(upstream:remoteref) refs/heads/master refs/remotes/master [4ms]
2025-05-09 21:39:48.679 [warning] [Git][revParse] Unable to read file: ENOENT: no such file or directory, open '/home/stuart/.cache/yay/studio-one-7/.git/refs/remotes/origin/master'
2025-05-09 21:39:48.679 [info] > git rev-parse --git-dir --git-common-dir [6ms]
2025-05-09 21:39:48.687 [info] [Model][openRepository] Opened repository (path): /home/stuart/.cache/yay/icu74
2025-05-09 21:39:48.687 [info] [Model][openRepository] Opened repository (real path): /home/stuart/.cache/yay/icu74
2025-05-09 21:39:48.693 [info] > git rev-parse refs/remotes/origin/master [14ms]
2025-05-09 21:39:48.706 [info] > git status -z -uall [9ms]
2025-05-09 21:39:48.706 [info] > git config --get commit.template [14ms]
2025-05-09 21:39:48.708 [info] > git for-each-ref --sort -committerdate --format %(refname)%00%(objectname)%00%(*objectname) [3ms]
2025-05-09 21:39:48.729 [info] > git for-each-ref --format=%(refname)%00%(upstream:short)%00%(objectname)%00%(upstream:track)%00%(upstream:remotename)%00%(upstream:remoteref) refs/heads/master refs/remotes/master [15ms]
2025-05-09 21:39:48.735 [info] > git config --get --local branch.master.vscode-merge-base [1ms]
2025-05-09 21:39:48.735 [warning] [Git][config] git config failed: Failed to execute git
2025-05-09 21:39:48.739 [info] > git config --get commit.template [11ms]
2025-05-09 21:39:48.739 [info] > git for-each-ref --format=%(refname)%00%(upstream:short)%00%(objectname)%00%(upstream:track)%00%(upstream:remotename)%00%(upstream:remoteref) refs/heads/master refs/remotes/master [15ms]
2025-05-09 21:39:48.749 [warning] [Git][revParse] Unable to read file: ENOENT: no such file or directory, open '/home/stuart/.cache/yay/icu74/.git/refs/remotes/origin/master'
2025-05-09 21:39:48.749 [info] > git reflog master --grep-reflog=branch: Created from *. [10ms]
2025-05-09 21:39:48.757 [info] > git rev-parse refs/remotes/origin/master [8ms]
2025-05-09 21:39:48.771 [info] > git status -z -uall [7ms]
2025-05-09 21:39:48.771 [info] > git for-each-ref --format=%(refname)%00%(upstream:short)%00%(objectname)%00%(upstream:track)%00%(upstream:remotename)%00%(upstream:remoteref) refs/heads/master refs/remotes/master [14ms]
2025-05-09 21:39:48.771 [info] > git symbolic-ref --short refs/remotes/origin/HEAD [18ms]
2025-05-09 21:39:48.781 [warning] [Git][revParse] Unable to read file: ENOENT: no such file or directory, open '/home/stuart/.cache/yay/studio-one-7/.git/refs/remotes/origin/master'
2025-05-09 21:39:48.781 [info] > git for-each-ref --sort -committerdate --format %(refname)%00%(objectname)%00%(*objectname) [11ms]
2025-05-09 21:39:48.799 [info] > git for-each-ref --format=%(refname)%00%(upstream:short)%00%(objectname)%00%(upstream:track)%00%(upstream:remotename)%00%(upstream:remoteref) refs/heads/master refs/remotes/master [11ms]
2025-05-09 21:39:48.804 [info] > git rev-parse refs/remotes/origin/master [23ms]
2025-05-09 21:39:48.816 [info] > git for-each-ref --format=%(refname)%00%(upstream:short)%00%(objectname)%00%(upstream:track)%00%(upstream:remotename)%00%(upstream:remoteref) refs/heads/origin/master refs/remotes/origin/master [41ms]
2025-05-09 21:39:48.821 [info] > git status -z -uall [12ms]
2025-05-09 21:39:48.822 [info] > git config --add --local branch.master.vscode-merge-base origin/master [2ms]
2025-05-09 21:39:48.822 [info] > git for-each-ref --sort -committerdate --format %(refname)%00%(objectname)%00%(*objectname) [6ms] (cancelled)
2025-05-09 21:39:48.827 [info] > git config --get --local branch.master.vscode-merge-base [23ms]
2025-05-09 21:39:48.827 [warning] [Git][config] git config failed: Failed to execute git
2025-05-09 21:39:48.835 [info] > git config --get commit.template [36ms]
2025-05-09 21:39:48.841 [info] > git for-each-ref --format=%(refname)%00%(upstream:short)%00%(objectname)%00%(upstream:track)%00%(upstream:remotename)%00%(upstream:remoteref) refs/heads/master refs/remotes/master [14ms]
2025-05-09 21:39:48.852 [info] > git config --get commit.template [11ms]
2025-05-09 21:39:48.852 [info] > git reflog master --grep-reflog=branch: Created from *. [17ms]
2025-05-09 21:39:48.858 [info] > git for-each-ref --format=%(refname)%00%(upstream:short)%00%(objectname)%00%(upstream:track)%00%(upstream:remotename)%00%(upstream:remoteref) refs/heads/master refs/remotes/master [7ms]
2025-05-09 21:39:48.858 [info] > git config --get --local branch.master.vscode-merge-base [13ms]
2025-05-09 21:39:48.874 [warning] [Git][revParse] Unable to read file: ENOENT: no such file or directory, open '/home/stuart/.cache/yay/icu74/.git/refs/remotes/origin/master'
2025-05-09 21:39:48.875 [info] > git symbolic-ref --short refs/remotes/origin/HEAD [18ms]
2025-05-09 21:39:48.879 [info] > git rev-parse refs/remotes/origin/master [5ms]
2025-05-09 21:39:48.893 [info] > git for-each-ref --format=%(refname)%00%(upstream:short)%00%(objectname)%00%(upstream:track)%00%(upstream:remotename)%00%(upstream:remoteref) refs/heads/master refs/remotes/master [24ms]
2025-05-09 21:39:48.893 [info] > git for-each-ref --format=%(refname)%00%(upstream:short)%00%(objectname)%00%(upstream:track)%00%(upstream:remotename)%00%(upstream:remoteref) refs/heads/origin/master refs/remotes/origin/master [31ms]
2025-05-09 21:39:48.901 [warning] [Git][revParse] Unable to read file: ENOENT: no such file or directory, open '/home/stuart/.cache/yay/studio-one-7/.git/refs/remotes/origin/master'
2025-05-09 21:39:48.902 [info] > git status -z -uall [16ms]
2025-05-09 21:39:48.902 [info] > git for-each-ref --sort -committerdate --format %(refname)%00%(objectname)%00%(*objectname) [9ms]
2025-05-09 21:39:48.912 [info] > git for-each-ref --format=%(refname)%00%(upstream:short)%00%(objectname)%00%(upstream:track)%00%(upstream:remotename)%00%(upstream:remoteref) refs/heads/origin/master refs/remotes/origin/master [33ms]
2025-05-09 21:39:48.917 [info] > git for-each-ref --format=%(refname)%00%(upstream:short)%00%(objectname)%00%(upstream:track)%00%(upstream:remotename)%00%(upstream:remoteref) refs/heads/master refs/remotes/master [5ms]
2025-05-09 21:39:48.926 [info] > git rev-parse refs/remotes/origin/master [25ms]
2025-05-09 21:39:48.936 [info] > git merge-base refs/heads/master refs/remotes/origin/master [39ms]
2025-05-09 21:39:48.944 [info] > git status -z -uall [13ms]
2025-05-09 21:39:48.944 [info] > git for-each-ref --sort -committerdate --format %(refname)%00%(objectname)%00%(*objectname) [8ms]
2025-05-09 21:39:48.959 [info] > git config --get --local branch.master.vscode-merge-base [33ms]
2025-05-09 21:39:48.964 [info] > git config --add --local branch.master.vscode-merge-base origin/master [48ms]
2025-05-09 21:39:48.970 [info] > git for-each-ref --format=%(refname)%00%(upstream:short)%00%(objectname)%00%(upstream:track)%00%(upstream:remotename)%00%(upstream:remoteref) refs/heads/origin/master refs/remotes/origin/master [6ms]
2025-05-09 21:39:48.977 [info] > git merge-base refs/heads/master refs/remotes/origin/master [21ms]
2025-05-09 21:39:48.984 [info] > git merge-base refs/heads/master refs/remotes/origin/master [32ms]
2025-05-09 21:39:48.989 [info] > git diff --name-status -z --diff-filter=ADMR 34e322142744b78f94700ac42859aaa1322ce4fb...refs/remotes/origin/master [46ms]
2025-05-09 21:39:48.990 [info] > git diff --name-status -z --diff-filter=ADMR 34e322142744b78f94700ac42859aaa1322ce4fb...refs/remotes/origin/master [6ms]
2025-05-09 21:39:48.990 [info] > git merge-base refs/heads/master refs/remotes/origin/master [13ms]
2025-05-09 21:39:48.999 [info] > git config --get commit.template [29ms]
2025-05-09 21:39:49.000 [info] > git diff --name-status -z --diff-filter=ADMR 34e322142744b78f94700ac42859aaa1322ce4fb...refs/remotes/origin/master [12ms]
2025-05-09 21:39:49.004 [info] > git diff --name-status -z --diff-filter=ADMR f489d3e04eb32374f532ea81451303548db2ee14...refs/remotes/origin/master [5ms]
2025-05-09 21:39:49.005 [info] > git for-each-ref --format=%(refname)%00%(upstream:short)%00%(objectname)%00%(upstream:track)%00%(upstream:remotename)%00%(upstream:remoteref) refs/heads/master refs/remotes/master [1ms]
2025-05-09 21:39:49.009 [warning] [Git][revParse] Unable to read file: ENOENT: no such file or directory, open '/home/stuart/.cache/yay/icu74/.git/refs/remotes/origin/master'
2025-05-09 21:39:49.013 [info] > git rev-parse refs/remotes/origin/master [4ms]
2025-05-09 21:39:49.026 [info] > git status -z -uall [7ms]
2025-05-09 21:39:49.028 [info] > git for-each-ref --sort -committerdate --format %(refname)%00%(objectname)%00%(*objectname) [3ms]
2025-05-09 21:49:36.711 [info] > git config --get commit.template [5ms]
2025-05-09 21:49:36.712 [info] > git config --get commit.template [1ms]
2025-05-09 21:49:36.728 [info] > git for-each-ref --format=%(refname)%00%(upstream:short)%00%(objectname)%00%(upstream:track)%00%(upstream:remotename)%00%(upstream:remoteref) refs/heads/master refs/remotes/master [5ms]
2025-05-09 21:49:36.738 [warning] [Git][revParse] Unable to read file: ENOENT: no such file or directory, open '/home/stuart/.cache/yay/studio-one-7/.git/refs/remotes/origin/master'
2025-05-09 21:49:36.738 [info] > git for-each-ref --format=%(refname)%00%(upstream:short)%00%(objectname)%00%(upstream:track)%00%(upstream:remotename)%00%(upstream:remoteref) refs/heads/master refs/remotes/master [10ms]
2025-05-09 21:49:36.742 [warning] [Git][revParse] Unable to read file: ENOENT: no such file or directory, open '/home/stuart/.cache/yay/icu74/.git/refs/remotes/origin/master'
2025-05-09 21:49:36.742 [info] > git rev-parse refs/remotes/origin/master [4ms]
2025-05-09 21:49:36.757 [info] > git status -z -uall [9ms]
2025-05-09 21:49:36.758 [info] > git rev-parse refs/remotes/origin/master [16ms]
2025-05-09 21:49:36.772 [info] > git status -z -uall [10ms]
2025-05-09 21:49:36.772 [info] > git for-each-ref --sort -committerdate --format %(refname)%00%(objectname)%00%(*objectname) [15ms]
2025-05-09 21:49:36.775 [info] > git for-each-ref --sort -committerdate --format %(refname)%00%(objectname)%00%(*objectname) [4ms]
2025-05-09 21:49:41.786 [info] > git config --get commit.template [4ms]
2025-05-09 21:49:41.800 [info] > git config --get commit.template [14ms]
2025-05-09 21:49:41.800 [info] > git for-each-ref --format=%(refname)%00%(upstream:short)%00%(objectname)%00%(upstream:track)%00%(upstream:remotename)%00%(upstream:remoteref) refs/heads/master refs/remotes/master [5ms]
2025-05-09 21:49:41.808 [warning] [Git][revParse] Unable to read file: ENOENT: no such file or directory, open '/home/stuart/.cache/yay/studio-one-7/.git/refs/remotes/origin/master'
2025-05-09 21:49:41.808 [info] > git for-each-ref --format=%(refname)%00%(upstream:short)%00%(objectname)%00%(upstream:track)%00%(upstream:remotename)%00%(upstream:remoteref) refs/heads/master refs/remotes/master [9ms]
2025-05-09 21:49:41.817 [warning] [Git][revParse] Unable to read file: ENOENT: no such file or directory, open '/home/stuart/.cache/yay/icu74/.git/refs/remotes/origin/master'
2025-05-09 21:49:41.817 [info] > git rev-parse refs/remotes/origin/master [9ms]
2025-05-09 21:49:41.827 [info] > git status -z -uall [6ms]
2025-05-09 21:49:41.827 [info] > git rev-parse refs/remotes/origin/master [10ms]
2025-05-09 21:49:41.842 [info] > git status -z -uall [7ms]
2025-05-09 21:49:41.842 [info] > git for-each-ref --sort -committerdate --format %(refname)%00%(objectname)%00%(*objectname) [16ms]
2025-05-09 21:49:41.843 [info] > git for-each-ref --sort -committerdate --format %(refname)%00%(objectname)%00%(*objectname) [2ms]
2025-05-09 21:49:43.900 [info] > git rev-parse --show-toplevel [1ms]
2025-05-09 21:49:43.900 [info] fatal: not a git repository (or any of the parent directories): .git
2025-05-09 21:50:16.554 [info] > git rev-parse --show-toplevel [1ms]
2025-05-09 21:50:16.554 [info] fatal: not a git repository (or any of the parent directories): .git
