2025-05-11 23:46:36.444 [info] Reading sessions from keychain...
2025-05-11 23:46:36.444 [info] Getting sessions for all scopes...
2025-05-11 23:46:36.444 [info] Getting sessions for all scopes...
2025-05-11 23:46:36.444 [info] Got 0 sessions for ...
2025-05-11 23:46:36.444 [info] Got 0 sessions for ...
2025-05-11 23:46:36.444 [info] Getting sessions for read:user,repo,user:email,workflow...
2025-05-11 23:46:36.444 [info] Got 0 sessions for read:user,repo,user:email,workflow...
2025-05-11 23:46:37.675 [info] Getting sessions for all scopes...
2025-05-11 23:46:37.675 [info] Got 0 sessions for ...
2025-05-11 23:46:46.514 [info] Getting sessions for read:user,repo,user:email,workflow...
2025-05-11 23:46:46.514 [info] Got 0 sessions for read:user,repo,user:email,workflow...
2025-05-11 23:47:23.949 [info] Getting sessions for read:user,repo,user:email,workflow...
2025-05-11 23:47:23.950 [info] Got 0 sessions for read:user,repo,user:email,workflow...
2025-05-11 23:47:25.825 [info] Logging in with 'any' account...
2025-05-11 23:47:25.826 [info] Logging in for the following scopes: read:user repo user:email workflow
2025-05-11 23:47:25.837 [info] Trying device code flow... (read:user repo user:email workflow)
2025-05-11 23:47:39.195 [info] Getting user info...
2025-05-11 23:47:39.393 [info] Got account info!
2025-05-11 23:47:39.393 [info] Storing 1 sessions...
2025-05-11 23:47:39.395 [info] Reading sessions from keychain...
2025-05-11 23:47:39.395 [info] Stored 1 sessions!
2025-05-11 23:47:39.395 [info] Login success!
2025-05-11 23:47:39.398 [info] Got stored sessions!
2025-05-11 23:47:39.398 [info] Got 1 verified sessions.
2025-05-11 23:47:39.398 [info] Getting sessions for read:user,repo,user:email,workflow...
2025-05-11 23:47:39.398 [info] Got 1 sessions for read:user,repo,user:email,workflow...
2025-05-11 23:47:39.769 [info] Getting sessions for read:user,repo,user:email,workflow...
2025-05-11 23:47:39.769 [info] Got 1 sessions for read:user,repo,user:email,workflow...
2025-05-11 23:47:39.808 [info] Getting sessions for read:user,repo,user:email,workflow...
2025-05-11 23:47:39.808 [info] Got 1 sessions for read:user,repo,user:email,workflow...
2025-05-11 23:47:40.253 [info] Getting sessions for read:user,repo,user:email,workflow...
2025-05-11 23:47:40.253 [info] Got 1 sessions for read:user,repo,user:email,workflow...
2025-05-11 23:47:40.491 [info] Getting sessions for read:user,repo,user:email,workflow...
2025-05-11 23:47:40.491 [info] Got 1 sessions for read:user,repo,user:email,workflow...
2025-05-11 23:56:00.657 [info] Getting sessions for read:user,repo,user:email,workflow...
2025-05-11 23:56:00.657 [info] Got 1 sessions for read:user,repo,user:email,workflow...
2025-05-11 23:58:22.390 [info] Getting sessions for read:user,repo,user:email,workflow...
2025-05-11 23:58:22.390 [info] Got 1 sessions for read:user,repo,user:email,workflow...
