2025-05-11 23:14:57.131 [info] [main] Log level: Info
2025-05-11 23:14:57.131 [info] [main] Validating found git in: "git"
2025-05-11 23:14:57.131 [info] [main] Using git "2.49.0" from "git"
2025-05-11 23:14:57.131 [info] [Model][doInitialScan] Initial repository scan started
2025-05-11 23:14:57.131 [info] > git rev-parse --show-toplevel [7ms]
2025-05-11 23:14:57.131 [info] fatal: not a git repository (or any of the parent directories): .git
2025-05-11 23:14:57.131 [info] > git rev-parse --show-toplevel [4ms]
2025-05-11 23:14:57.131 [info] fatal: not a git repository (or any of the parent directories): .git
2025-05-11 23:14:57.139 [info] > git rev-parse --show-toplevel [1ms]
2025-05-11 23:14:57.139 [info] fatal: not a git repository (or any of the parent directories): .git
2025-05-11 23:14:57.145 [info] > git rev-parse --show-toplevel [1ms]
2025-05-11 23:14:57.145 [info] fatal: not a git repository (or any of the parent directories): .git
2025-05-11 23:14:57.154 [info] > git rev-parse --show-toplevel [4ms]
2025-05-11 23:14:57.154 [info] fatal: not a git repository (or any of the parent directories): .git
2025-05-11 23:14:57.160 [info] > git rev-parse --show-toplevel [1ms]
2025-05-11 23:14:57.160 [info] fatal: not a git repository (or any of the parent directories): .git
2025-05-11 23:14:57.165 [info] > git rev-parse --show-toplevel [1ms]
2025-05-11 23:14:57.165 [info] fatal: not a git repository (or any of the parent directories): .git
2025-05-11 23:14:57.170 [info] > git rev-parse --show-toplevel [1ms]
2025-05-11 23:14:57.170 [info] fatal: not a git repository (or any of the parent directories): .git
2025-05-11 23:14:57.175 [info] > git rev-parse --show-toplevel [1ms]
2025-05-11 23:14:57.175 [info] fatal: not a git repository (or any of the parent directories): .git
2025-05-11 23:14:57.180 [info] > git rev-parse --show-toplevel [1ms]
2025-05-11 23:14:57.180 [info] fatal: not a git repository (or any of the parent directories): .git
2025-05-11 23:14:57.185 [info] > git rev-parse --show-toplevel [1ms]
2025-05-11 23:14:57.185 [info] fatal: not a git repository (or any of the parent directories): .git
2025-05-11 23:14:57.189 [info] > git rev-parse --show-toplevel [0ms]
2025-05-11 23:14:57.189 [info] fatal: not a git repository (or any of the parent directories): .git
2025-05-11 23:14:57.194 [info] > git rev-parse --show-toplevel [1ms]
2025-05-11 23:14:57.194 [info] fatal: not a git repository (or any of the parent directories): .git
2025-05-11 23:14:57.199 [info] > git rev-parse --show-toplevel [1ms]
2025-05-11 23:14:57.199 [info] fatal: not a git repository (or any of the parent directories): .git
2025-05-11 23:14:57.204 [info] > git rev-parse --show-toplevel [1ms]
2025-05-11 23:14:57.204 [info] fatal: not a git repository (or any of the parent directories): .git
2025-05-11 23:14:57.209 [info] > git rev-parse --show-toplevel [1ms]
2025-05-11 23:14:57.209 [info] fatal: not a git repository (or any of the parent directories): .git
2025-05-11 23:14:57.214 [info] > git rev-parse --show-toplevel [1ms]
2025-05-11 23:14:57.214 [info] fatal: not a git repository (or any of the parent directories): .git
2025-05-11 23:14:57.219 [info] > git rev-parse --show-toplevel [1ms]
2025-05-11 23:14:57.219 [info] fatal: not a git repository (or any of the parent directories): .git
2025-05-11 23:14:57.224 [info] > git rev-parse --show-toplevel [1ms]
2025-05-11 23:14:57.224 [info] fatal: not a git repository (or any of the parent directories): .git
2025-05-11 23:14:57.229 [info] > git rev-parse --show-toplevel [1ms]
2025-05-11 23:14:57.229 [info] fatal: not a git repository (or any of the parent directories): .git
2025-05-11 23:14:57.233 [info] > git rev-parse --show-toplevel [0ms]
2025-05-11 23:14:57.239 [info] > git rev-parse --git-dir --git-common-dir [1ms]
2025-05-11 23:14:57.247 [info] [Model][openRepository] Opened repository (path): /home/stuart/paru
2025-05-11 23:14:57.247 [info] [Model][openRepository] Opened repository (real path): /home/stuart/paru
2025-05-11 23:14:57.261 [info] > git rev-parse --show-toplevel [3ms]
2025-05-11 23:14:57.261 [info] > git config --get commit.template [7ms]
2025-05-11 23:14:57.273 [info] > git rev-parse --git-dir --git-common-dir [6ms]
2025-05-11 23:14:57.276 [info] [Model][openRepository] Opened repository (path): /home/stuart/yay
2025-05-11 23:14:57.276 [info] [Model][openRepository] Opened repository (real path): /home/stuart/yay
2025-05-11 23:14:57.277 [info] [Model][doInitialScan] Initial repository scan completed - repositories (2), closed repositories (0), parent repositories (0), unsafe repositories (0)
2025-05-11 23:14:57.282 [info] > git for-each-ref --format=%(refname)%00%(upstream:short)%00%(objectname)%00%(upstream:track)%00%(upstream:remotename)%00%(upstream:remoteref) refs/heads/master refs/remotes/master [10ms]
2025-05-11 23:14:57.287 [warning] [Git][revParse] Unable to read file: ENOENT: no such file or directory, open '/home/stuart/paru/.git/refs/remotes/origin/master'
2025-05-11 23:14:57.287 [info] > git config --get commit.template [5ms]
2025-05-11 23:14:57.288 [info] > git rev-parse refs/remotes/origin/master [1ms]
2025-05-11 23:14:57.311 [info] > git status -z -uall [17ms]
2025-05-11 23:14:57.311 [info] > git for-each-ref --sort -committerdate --format %(refname)%00%(objectname)%00%(*objectname) [12ms]
2025-05-11 23:14:57.338 [info] > git for-each-ref --format=%(refname)%00%(upstream:short)%00%(objectname)%00%(upstream:track)%00%(upstream:remotename)%00%(upstream:remoteref) refs/heads/master refs/remotes/master [8ms]
2025-05-11 23:14:57.342 [info] > git for-each-ref --format=%(refname)%00%(upstream:short)%00%(objectname)%00%(upstream:track)%00%(upstream:remotename)%00%(upstream:remoteref) refs/heads/master refs/remotes/master [38ms]
2025-05-11 23:14:57.395 [warning] [Git][revParse] Unable to read file: ENOENT: no such file or directory, open '/home/stuart/yay/.git/refs/remotes/origin/master'
2025-05-11 23:14:57.395 [info] > git config --get --local branch.master.vscode-merge-base [53ms]
2025-05-11 23:14:57.396 [warning] [Git][config] git config failed: Failed to execute git
2025-05-11 23:14:57.400 [info] > git config --get commit.template [63ms]
2025-05-11 23:14:57.401 [info] > git rev-parse refs/remotes/origin/master [6ms]
2025-05-11 23:14:57.417 [info] > git status -z -uall [12ms]
2025-05-11 23:14:57.417 [info] > git reflog master --grep-reflog=branch: Created from *. [17ms]
2025-05-11 23:14:57.421 [info] > git for-each-ref --format=%(refname)%00%(upstream:short)%00%(objectname)%00%(upstream:track)%00%(upstream:remotename)%00%(upstream:remoteref) refs/heads/master refs/remotes/master [6ms]
2025-05-11 23:14:57.421 [info] > git for-each-ref --sort -committerdate --format %(refname)%00%(objectname)%00%(*objectname) [11ms]
2025-05-11 23:14:57.433 [warning] [Git][revParse] Unable to read file: ENOENT: no such file or directory, open '/home/stuart/paru/.git/refs/remotes/origin/master'
2025-05-11 23:14:57.438 [info] > git for-each-ref --format=%(refname)%00%(upstream:short)%00%(objectname)%00%(upstream:track)%00%(upstream:remotename)%00%(upstream:remoteref) refs/heads/master refs/remotes/master [10ms]
2025-05-11 23:14:57.443 [info] > git symbolic-ref --short refs/remotes/origin/HEAD [22ms]
2025-05-11 23:14:57.448 [info] > git config --get --local branch.master.vscode-merge-base [5ms]
2025-05-11 23:14:57.454 [info] > git config --get commit.template [16ms]
2025-05-11 23:14:57.454 [info] > git rev-parse refs/remotes/origin/master [21ms]
2025-05-11 23:14:57.464 [info] > git status -z -uall [6ms]
2025-05-11 23:14:57.465 [info] > git for-each-ref --format=%(refname)%00%(upstream:short)%00%(objectname)%00%(upstream:track)%00%(upstream:remotename)%00%(upstream:remoteref) refs/heads/origin/master refs/remotes/origin/master [11ms]
2025-05-11 23:14:57.470 [info] > git for-each-ref --format=%(refname)%00%(upstream:short)%00%(objectname)%00%(upstream:track)%00%(upstream:remotename)%00%(upstream:remoteref) refs/heads/origin/master refs/remotes/origin/master [23ms]
2025-05-11 23:14:57.479 [info] > git merge-base refs/heads/master refs/remotes/origin/master [9ms]
2025-05-11 23:14:57.483 [info] > git for-each-ref --sort -committerdate --format %(refname)%00%(objectname)%00%(*objectname) [21ms]
2025-05-11 23:14:57.493 [info] > git diff --name-status -z --diff-filter=ADMR 59714d8ae3dc1e5790228c1faeef8283b0c0101f...refs/remotes/origin/master [10ms]
2025-05-11 23:14:57.493 [info] > git for-each-ref --format=%(refname)%00%(upstream:short)%00%(objectname)%00%(upstream:track)%00%(upstream:remotename)%00%(upstream:remoteref) refs/heads/master refs/remotes/master [15ms]
2025-05-11 23:14:57.493 [info] > git config --add --local branch.master.vscode-merge-base origin/master [19ms]
2025-05-11 23:14:57.499 [warning] [Git][revParse] Unable to read file: ENOENT: no such file or directory, open '/home/stuart/yay/.git/refs/remotes/origin/master'
2025-05-11 23:14:57.504 [info] > git for-each-ref --format=%(refname)%00%(upstream:short)%00%(objectname)%00%(upstream:track)%00%(upstream:remotename)%00%(upstream:remoteref) refs/heads/master refs/remotes/master [12ms]
2025-05-11 23:14:57.510 [info] > git config --get commit.template [6ms]
2025-05-11 23:14:57.510 [info] > git rev-parse refs/remotes/origin/master [11ms]
2025-05-11 23:14:57.518 [info] > git status -z -uall [4ms]
2025-05-11 23:14:57.519 [info] > git config --get --local branch.master.vscode-merge-base [10ms]
2025-05-11 23:14:57.527 [info] > git for-each-ref --sort -committerdate --format %(refname)%00%(objectname)%00%(*objectname) [9ms]
2025-05-11 23:14:57.529 [info] > git for-each-ref --format=%(refname)%00%(upstream:short)%00%(objectname)%00%(upstream:track)%00%(upstream:remotename)%00%(upstream:remoteref) refs/heads/master refs/remotes/master [2ms]
2025-05-11 23:14:57.529 [info] > git for-each-ref --format=%(refname)%00%(upstream:short)%00%(objectname)%00%(upstream:track)%00%(upstream:remotename)%00%(upstream:remoteref) refs/heads/origin/master refs/remotes/origin/master [7ms]
2025-05-11 23:14:57.538 [warning] [Git][revParse] Unable to read file: ENOENT: no such file or directory, open '/home/stuart/paru/.git/refs/remotes/origin/master'
2025-05-11 23:14:57.538 [info] > git merge-base refs/heads/master refs/remotes/origin/master [5ms]
2025-05-11 23:14:57.542 [info] > git rev-parse refs/remotes/origin/master [4ms]
2025-05-11 23:14:57.551 [info] > git diff --name-status -z --diff-filter=ADMR ae76b1e7afb2f604dc99afe16b01c6c5deeb0db0...refs/remotes/origin/master [9ms]
2025-05-11 23:14:57.552 [info] > git status -z -uall [6ms]
2025-05-11 23:14:57.552 [info] > git for-each-ref --sort -committerdate --format %(refname)%00%(objectname)%00%(*objectname) [2ms]
2025-05-11 23:14:58.508 [info] > git rev-parse --show-toplevel [3ms]
2025-05-11 23:14:58.508 [info] fatal: not a git repository (or any of the parent directories): .git
2025-05-11 23:20:34.029 [info] > git rev-parse --show-toplevel [1ms]
2025-05-11 23:20:34.034 [info] > git rev-parse --git-dir --git-common-dir [1ms]
2025-05-11 23:20:34.038 [info] [Model][openRepository] Opened repository (path): /home/stuart/Documents/Hyprland-Dotfiles/hyprland-dots
2025-05-11 23:20:34.038 [info] [Model][openRepository] Opened repository (real path): /home/stuart/Documents/Hyprland-Dotfiles/hyprland-dots
2025-05-11 23:20:34.047 [info] > git config --get commit.template [2ms]
2025-05-11 23:20:34.053 [info] > git for-each-ref --format=%(refname)%00%(upstream:short)%00%(objectname)%00%(upstream:track)%00%(upstream:remotename)%00%(upstream:remoteref) refs/heads/main refs/remotes/main [1ms]
2025-05-11 23:20:34.060 [warning] [Git][revParse] Unable to read file: ENOENT: no such file or directory, open '/home/stuart/Documents/Hyprland-Dotfiles/hyprland-dots/.git/refs/remotes/origin/main'
2025-05-11 23:20:34.061 [info] > git rev-parse refs/remotes/origin/main [1ms]
2025-05-11 23:20:34.071 [info] > git status -z -uall [5ms]
2025-05-11 23:20:34.072 [info] > git for-each-ref --sort -committerdate --format %(refname)%00%(objectname)%00%(*objectname) [1ms]
2025-05-11 23:20:34.086 [info] > git for-each-ref --format=%(refname)%00%(upstream:short)%00%(objectname)%00%(upstream:track)%00%(upstream:remotename)%00%(upstream:remoteref) refs/heads/main refs/remotes/main [6ms]
2025-05-11 23:20:34.091 [info] > git config --get commit.template [5ms]
2025-05-11 23:20:34.092 [info] > git config --get --local branch.main.vscode-merge-base [1ms]
2025-05-11 23:20:34.092 [warning] [Git][config] git config failed: Failed to execute git
2025-05-11 23:20:34.128 [info] > git for-each-ref --format=%(refname)%00%(upstream:short)%00%(objectname)%00%(upstream:track)%00%(upstream:remotename)%00%(upstream:remoteref) refs/heads/main refs/remotes/main [24ms]
2025-05-11 23:20:34.128 [info] > git reflog main --grep-reflog=branch: Created from *. [29ms]
2025-05-11 23:20:34.142 [warning] [Git][revParse] Unable to read file: ENOENT: no such file or directory, open '/home/stuart/Documents/Hyprland-Dotfiles/hyprland-dots/.git/refs/remotes/origin/main'
2025-05-11 23:20:34.143 [info] > git symbolic-ref --short refs/remotes/origin/HEAD [7ms]
2025-05-11 23:20:34.147 [info] > git rev-parse refs/remotes/origin/main [5ms]
2025-05-11 23:20:34.160 [info] > git status -z -uall [9ms]
2025-05-11 23:20:34.160 [info] > git for-each-ref --format=%(refname)%00%(upstream:short)%00%(objectname)%00%(upstream:track)%00%(upstream:remotename)%00%(upstream:remoteref) refs/heads/origin/main refs/remotes/origin/main [14ms]
2025-05-11 23:20:34.165 [info] > git for-each-ref --sort -committerdate --format %(refname)%00%(objectname)%00%(*objectname) [7ms]
2025-05-11 23:20:34.173 [info] > git for-each-ref --format=%(refname)%00%(upstream:short)%00%(objectname)%00%(upstream:track)%00%(upstream:remotename)%00%(upstream:remoteref) refs/heads/main refs/remotes/main [3ms]
2025-05-11 23:20:34.183 [info] > git config --add --local branch.main.vscode-merge-base origin/main [18ms]
2025-05-11 23:20:34.194 [info] > git config --get --local branch.main.vscode-merge-base [11ms]
2025-05-11 23:20:34.205 [info] > git config --get commit.template [13ms]
2025-05-11 23:20:34.212 [info] > git for-each-ref --format=%(refname)%00%(upstream:short)%00%(objectname)%00%(upstream:track)%00%(upstream:remotename)%00%(upstream:remoteref) refs/heads/origin/main refs/remotes/origin/main [8ms]
2025-05-11 23:20:34.218 [info] > git for-each-ref --format=%(refname)%00%(upstream:short)%00%(objectname)%00%(upstream:track)%00%(upstream:remotename)%00%(upstream:remoteref) refs/heads/main refs/remotes/main [7ms]
2025-05-11 23:20:34.228 [warning] [Git][revParse] Unable to read file: ENOENT: no such file or directory, open '/home/stuart/Documents/Hyprland-Dotfiles/hyprland-dots/.git/refs/remotes/origin/main'
2025-05-11 23:20:34.228 [info] > git merge-base refs/heads/main refs/remotes/origin/main [10ms]
2025-05-11 23:20:34.233 [info] > git rev-parse refs/remotes/origin/main [5ms]
2025-05-11 23:20:34.246 [info] > git status -z -uall [8ms]
2025-05-11 23:20:34.246 [info] > git diff --name-status -z --diff-filter=ADMR 58e67fdd99fd4f5fbc5b7ac1918fb5a54631468a...refs/remotes/origin/main [13ms]
2025-05-11 23:20:34.247 [info] > git for-each-ref --sort -committerdate --format %(refname)%00%(objectname)%00%(*objectname) [2ms]
2025-05-11 23:23:55.537 [info] > git config --get commit.template [7ms]
2025-05-11 23:23:55.538 [info] > git for-each-ref --format=%(refname)%00%(upstream:short)%00%(objectname)%00%(upstream:track)%00%(upstream:remotename)%00%(upstream:remoteref) refs/heads/main refs/remotes/main [2ms]
2025-05-11 23:23:55.542 [warning] [Git][revParse] Unable to read file: ENOENT: no such file or directory, open '/home/stuart/Documents/Hyprland-Dotfiles/hyprland-dots/.git/refs/remotes/origin/main'
2025-05-11 23:23:55.544 [info] > git rev-parse refs/remotes/origin/main [2ms]
2025-05-11 23:23:55.555 [info] > git status -z -uall [5ms]
2025-05-11 23:23:55.556 [info] > git for-each-ref --sort -committerdate --format %(refname)%00%(objectname)%00%(*objectname) [1ms]
