2025-05-11 23:46:26.010 [info] [main] Log level: Info
2025-05-11 23:46:26.010 [info] [main] Validating found git in: "git"
2025-05-11 23:46:26.010 [info] [main] Using git "2.49.0" from "git"
2025-05-11 23:46:26.010 [info] [Model][doInitialScan] Initial repository scan started
2025-05-11 23:46:26.010 [info] [Model][doInitialScan] Initial repository scan completed - repositories (0), closed repositories (0), parent repositories (0), unsafe repositories (0)
2025-05-11 23:46:36.285 [info] [main] Log level: Info
2025-05-11 23:46:36.285 [info] [main] Validating found git in: "git"
2025-05-11 23:46:36.285 [info] [main] Using git "2.49.0" from "git"
2025-05-11 23:46:36.285 [info] [Model][doInitialScan] Initial repository scan started
2025-05-11 23:46:36.285 [info] > git rev-parse --show-toplevel [4ms]
2025-05-11 23:46:36.285 [info] fatal: not a git repository (or any of the parent directories): .git
2025-05-11 23:46:36.285 [info] > git rev-parse --show-toplevel [3ms]
2025-05-11 23:46:36.295 [info] > git rev-parse --git-dir --git-common-dir [1ms]
2025-05-11 23:46:36.303 [info] [Model][openRepository] Opened repository (path): /home/stuart/Documents/Hyprland-Dotfiles/hyprland-dots
2025-05-11 23:46:36.303 [info] [Model][openRepository] Opened repository (real path): /home/stuart/Documents/Hyprland-Dotfiles/hyprland-dots
2025-05-11 23:46:36.304 [info] [Model][doInitialScan] Initial repository scan completed - repositories (1), closed repositories (0), parent repositories (0), unsafe repositories (0)
2025-05-11 23:46:36.317 [info] > git config --get commit.template [4ms]
2025-05-11 23:46:36.328 [info] > git for-each-ref --format=%(refname)%00%(upstream:short)%00%(objectname)%00%(upstream:track)%00%(upstream:remotename)%00%(upstream:remoteref) refs/heads/main refs/remotes/main [5ms]
2025-05-11 23:46:36.339 [info] > git status -z -uall [6ms]
2025-05-11 23:46:36.340 [info] > git for-each-ref --sort -committerdate --format %(refname)%00%(objectname)%00%(*objectname) [1ms]
2025-05-11 23:46:36.368 [info] > git for-each-ref --format=%(refname)%00%(upstream:short)%00%(objectname)%00%(upstream:track)%00%(upstream:remotename)%00%(upstream:remoteref) refs/heads/main refs/remotes/main [10ms]
2025-05-11 23:46:36.374 [info] > git config --get --local branch.main.vscode-merge-base [1ms]
2025-05-11 23:46:36.379 [info] > git config --get commit.template [11ms]
2025-05-11 23:46:36.407 [info] > git for-each-ref --format=%(refname)%00%(upstream:short)%00%(objectname)%00%(upstream:track)%00%(upstream:remotename)%00%(upstream:remoteref) refs/heads/origin/main refs/remotes/origin/main [29ms]
2025-05-11 23:46:36.419 [info] > git merge-base refs/heads/main refs/remotes/origin/main [7ms]
2025-05-11 23:46:36.424 [info] > git for-each-ref --format=%(refname)%00%(upstream:short)%00%(objectname)%00%(upstream:track)%00%(upstream:remotename)%00%(upstream:remoteref) refs/heads/main refs/remotes/main [18ms]
2025-05-11 23:46:36.426 [info] > git diff --name-status -z --diff-filter=ADMR 87845dc4864e447e81e807e785ac6a2082ac748b...refs/remotes/origin/main [2ms]
2025-05-11 23:46:36.441 [info] > git status -z -uall [10ms]
2025-05-11 23:46:36.441 [info] > git for-each-ref --sort -committerdate --format %(refname)%00%(objectname)%00%(*objectname) [2ms]
2025-05-11 23:46:37.104 [info] > git check-ignore -v -z --stdin [1ms]
2025-05-11 23:46:37.676 [info] > git rev-parse --show-toplevel [2ms]
2025-05-11 23:46:37.676 [info] fatal: not a git repository (or any of the parent directories): .git
2025-05-11 23:46:37.896 [info] > git check-ignore -v -z --stdin [1ms]
2025-05-11 23:46:38.858 [info] > git check-ignore -v -z --stdin [1ms]
2025-05-11 23:46:39.568 [info] > git check-ignore -v -z --stdin [1ms]
2025-05-11 23:46:41.319 [info] > git show --textconv :README.md [6ms]
2025-05-11 23:46:41.324 [info] > git ls-files --stage -- README.md [5ms]
2025-05-11 23:46:41.338 [info] > git cat-file -s 785756cf7427a781603f9b6b428a4a77ccb17841 [2ms]
2025-05-11 23:46:42.415 [info] > git blame --root --incremental 87845dc4864e447e81e807e785ac6a2082ac748b -- README.md [2ms]
2025-05-11 23:46:46.458 [info] > git log --format=%H%n%aN%n%aE%n%at%n%ct%n%P%n%D%n%B -z --shortstat --diff-merges=first-parent -n50 --skip=0 --topo-order --decorate=full --stdin [6ms]
2025-05-11 23:46:46.484 [info] > git rev-parse --show-toplevel [1ms]
2025-05-11 23:46:46.484 [info] fatal: not a git repository (or any of the parent directories): .git
2025-05-11 23:46:51.578 [info] > git config --get commit.template [6ms]
2025-05-11 23:46:51.579 [info] > git for-each-ref --format=%(refname)%00%(upstream:short)%00%(objectname)%00%(upstream:track)%00%(upstream:remotename)%00%(upstream:remoteref) refs/heads/main refs/remotes/main [2ms]
2025-05-11 23:46:51.592 [info] > git status -z -uall [6ms]
2025-05-11 23:46:51.593 [info] > git for-each-ref --sort -committerdate --format %(refname)%00%(objectname)%00%(*objectname) [2ms]
2025-05-11 23:47:14.086 [info] > git add -A -- . [3ms]
2025-05-11 23:47:14.112 [info] > git -c user.useConfigOnly=true commit --quiet --allow-empty-message --file - [12ms]
2025-05-11 23:47:14.119 [info] > git config --get commit.template [1ms]
2025-05-11 23:47:14.137 [info] > git config --get commit.template [2ms]
2025-05-11 23:47:14.154 [info] > git for-each-ref --format=%(refname)%00%(upstream:short)%00%(objectname)%00%(upstream:track)%00%(upstream:remotename)%00%(upstream:remoteref) refs/heads/main refs/remotes/main [3ms]
2025-05-11 23:47:14.197 [info] > git status -z -uall [12ms]
2025-05-11 23:47:14.200 [info] > git for-each-ref --sort -committerdate --format %(refname)%00%(objectname)%00%(*objectname) [3ms]
2025-05-11 23:47:14.231 [info] > git merge-base refs/heads/main refs/remotes/origin/main [2ms]
2025-05-11 23:47:14.245 [info] > git blame --root --incremental 7cbc8937dbe8d8f29fb2891d1e8fe2ad3ef33526 -- README.md [31ms]
2025-05-11 23:47:14.247 [info] > git diff --name-status -z --diff-filter=ADMR 87845dc4864e447e81e807e785ac6a2082ac748b...refs/remotes/origin/main [2ms]
2025-05-11 23:47:14.279 [info] > git log --format=%H%n%aN%n%aE%n%at%n%ct%n%P%n%D%n%B -z --shortstat --diff-merges=first-parent -n50 --skip=0 --topo-order --decorate=full --stdin [16ms]
2025-05-11 23:47:14.281 [info] > git config --get commit.template [1ms]
2025-05-11 23:47:14.297 [info] > git for-each-ref --format=%(refname)%00%(upstream:short)%00%(objectname)%00%(upstream:track)%00%(upstream:remotename)%00%(upstream:remoteref) refs/heads/main refs/remotes/main [10ms]
2025-05-11 23:47:14.318 [info] > git status -z -uall [16ms]
2025-05-11 23:47:14.319 [info] > git for-each-ref --sort -committerdate --format %(refname)%00%(objectname)%00%(*objectname) [2ms]
2025-05-11 23:47:15.304 [info] > git ls-files --stage -- README.md [1ms]
2025-05-11 23:47:15.310 [info] > git cat-file -s 63a990f821d9b08035caa0a24fea4d1d5327aef3 [1ms]
2025-05-11 23:47:15.316 [info] > git show --textconv :README.md [1ms]
2025-05-11 23:47:23.376 [info] > git log --oneline --cherry main...main@{upstream} -- [2ms]
2025-05-11 23:47:23.681 [info] > git pull --tags origin main [299ms]
2025-05-11 23:47:23.681 [info] From https://github.com/daigonstar/hyprland-dots
 * branch            main       -> FETCH_HEAD
2025-05-11 23:47:25.837 [info] > git ls-files --stage -- README.md [3ms]
2025-05-11 23:47:25.844 [info] > git cat-file -s 63a990f821d9b08035caa0a24fea4d1d5327aef3 [1ms]
2025-05-11 23:47:25.852 [info] > git show --textconv :README.md [1ms]
2025-05-11 23:47:40.177 [info] > git push origin main:main [16487ms]
2025-05-11 23:47:40.177 [info] /bin/sh: warning: setlocale: LC_ALL: cannot change locale (en_US.UTF-8): No such file or directory
/bin/sh: warning: setlocale: LC_ALL: cannot change locale (en_US.UTF-8): No such file or directory
To https://github.com/daigonstar/hyprland-dots
   87845dc..7cbc893  main -> main
2025-05-11 23:47:40.194 [info] > git config --get commit.template [11ms]
2025-05-11 23:47:40.195 [info] > git for-each-ref --format=%(refname)%00%(upstream:short)%00%(objectname)%00%(upstream:track)%00%(upstream:remotename)%00%(upstream:remoteref) refs/heads/main refs/remotes/main [1ms]
2025-05-11 23:47:40.211 [info] > git status -z -uall [11ms]
2025-05-11 23:47:40.212 [info] > git for-each-ref --sort -committerdate --format %(refname)%00%(objectname)%00%(*objectname) [1ms]
2025-05-11 23:47:40.229 [info] > git merge-base refs/heads/main refs/remotes/origin/main [2ms]
2025-05-11 23:47:40.248 [info] > git diff --name-status -z --diff-filter=ADMR 7cbc8937dbe8d8f29fb2891d1e8fe2ad3ef33526...refs/remotes/origin/main [8ms]
2025-05-11 23:47:40.251 [info] > git log --format=%H%n%aN%n%aE%n%at%n%ct%n%P%n%D%n%B -z --shortstat --diff-merges=first-parent -n50 --skip=0 --topo-order --decorate=full --stdin [4ms]
2025-05-11 23:47:43.414 [info] > git config --get commit.template [11ms]
2025-05-11 23:47:43.420 [info] > git ls-files --stage -- README.md [7ms]
2025-05-11 23:47:43.427 [info] > git for-each-ref --format=%(refname)%00%(upstream:short)%00%(objectname)%00%(upstream:track)%00%(upstream:remotename)%00%(upstream:remoteref) refs/heads/main refs/remotes/main [8ms]
2025-05-11 23:47:43.442 [info] > git status -z -uall [8ms]
2025-05-11 23:47:43.442 [info] > git cat-file -s 63a990f821d9b08035caa0a24fea4d1d5327aef3 [15ms]
2025-05-11 23:47:43.443 [info] > git for-each-ref --sort -committerdate --format %(refname)%00%(objectname)%00%(*objectname) [2ms]
2025-05-11 23:47:43.452 [info] > git show --textconv :README.md [1ms]
2025-05-11 23:48:43.215 [info] > git check-ignore -v -z --stdin [1ms]
2025-05-11 23:48:43.648 [info] > git show --textconv :hyprdots/.config/waybar/config [7ms]
2025-05-11 23:48:43.649 [info] > git ls-files --stage -- hyprdots/.config/waybar/config [1ms]
2025-05-11 23:48:43.660 [info] > git cat-file -s 57d08dd796744f4a583015cfece78c79c944aabb [1ms]
2025-05-11 23:49:53.617 [info] > git blame --root --incremental 7cbc8937dbe8d8f29fb2891d1e8fe2ad3ef33526 -- hyprdots/.config/waybar/config [2ms]
2025-05-11 23:49:57.842 [info] > git check-ignore -v -z --stdin [1ms]
2025-05-11 23:49:59.185 [info] > git check-ignore -v -z --stdin [1ms]
2025-05-11 23:50:02.005 [info] > git show --textconv :hyprdots/.config/rofi/powermenu/powermenu.sh [10ms]
2025-05-11 23:50:02.006 [info] > git ls-files --stage -- hyprdots/.config/rofi/powermenu/powermenu.sh [1ms]
2025-05-11 23:50:02.012 [info] > git cat-file -s 8fea15a857e4adc2cffb9b60bd55d1436a1553e6 [1ms]
2025-05-11 23:50:08.166 [info] > git show --textconv :hyprdots/.config/hypr/window.conf [7ms]
2025-05-11 23:50:08.166 [info] > git ls-files --stage -- hyprdots/.config/hypr/window.conf [1ms]
2025-05-11 23:50:08.177 [info] > git cat-file -s 73625549f95496d2cd0dccce916bc0b44df10323 [1ms]
2025-05-11 23:50:13.189 [info] > git show --textconv :hyprdots/.config/hypr/keybinds.conf [8ms]
2025-05-11 23:50:13.189 [info] > git ls-files --stage -- hyprdots/.config/hypr/keybinds.conf [1ms]
2025-05-11 23:50:13.195 [info] > git cat-file -s 8969e40f26ff52a59c309cb020634d0cedbdb869 [1ms]
2025-05-11 23:50:17.025 [info] > git show --textconv :hyprdots/.config/hypr/hyprland.config [5ms]
2025-05-11 23:50:17.026 [info] > git ls-files --stage -- hyprdots/.config/hypr/hyprland.config [1ms]
2025-05-11 23:50:17.036 [info] > git cat-file -s 7377eb818e8f65e06c2cecc2bba25f5e11677e21 [1ms]
2025-05-11 23:51:14.157 [info] > git blame --root --incremental 7cbc8937dbe8d8f29fb2891d1e8fe2ad3ef33526 -- hyprdots/.config/hypr/hyprland.config [2ms]
2025-05-11 23:52:04.323 [info] > git check-ignore -v -z --stdin [1ms]
2025-05-11 23:52:15.242 [info] > git check-ignore -v -z --stdin [1ms]
2025-05-11 23:52:28.917 [info] > git config --get commit.template [8ms]
2025-05-11 23:52:28.917 [info] > git for-each-ref --format=%(refname)%00%(upstream:short)%00%(objectname)%00%(upstream:track)%00%(upstream:remotename)%00%(upstream:remoteref) refs/heads/main refs/remotes/main [1ms]
2025-05-11 23:52:28.931 [info] > git status -z -uall [6ms]
2025-05-11 23:52:28.932 [info] > git for-each-ref --sort -committerdate --format %(refname)%00%(objectname)%00%(*objectname) [1ms]
2025-05-11 23:52:33.958 [info] > git config --get commit.template [14ms]
2025-05-11 23:52:33.959 [info] > git for-each-ref --format=%(refname)%00%(upstream:short)%00%(objectname)%00%(upstream:track)%00%(upstream:remotename)%00%(upstream:remoteref) refs/heads/main refs/remotes/main [1ms]
2025-05-11 23:52:33.981 [info] > git status -z -uall [16ms]
2025-05-11 23:52:33.982 [info] > git for-each-ref --sort -committerdate --format %(refname)%00%(objectname)%00%(*objectname) [2ms]
2025-05-11 23:52:34.352 [info] > git show --textconv :hyprdots/.config/hypr/autostart.conf [9ms]
2025-05-11 23:52:34.356 [info] > git ls-files --stage -- hyprdots/.config/hypr/autostart.conf [10ms]
2025-05-11 23:52:34.363 [info] > git cat-file -s c7ce64d851a39d5e0fd49563bcd2e56ed081a58f [1ms]
2025-05-11 23:52:44.971 [info] > git blame --root --incremental 7cbc8937dbe8d8f29fb2891d1e8fe2ad3ef33526 -- hyprdots/.config/hypr/autostart.conf [8ms]
2025-05-11 23:52:44.973 [info] > git config --get commit.template [2ms]
2025-05-11 23:52:44.981 [info] > git for-each-ref --format=%(refname)%00%(upstream:short)%00%(objectname)%00%(upstream:track)%00%(upstream:remotename)%00%(upstream:remoteref) refs/heads/main refs/remotes/main [1ms]
2025-05-11 23:52:44.993 [info] > git status -z -uall [6ms]
2025-05-11 23:52:44.995 [info] > git for-each-ref --sort -committerdate --format %(refname)%00%(objectname)%00%(*objectname) [2ms]
2025-05-11 23:52:56.768 [info] > git show --textconv :hyprdots/.config/hypr/userconf.config [27ms]
2025-05-11 23:52:56.775 [info] > git ls-files --stage -- hyprdots/.config/hypr/userconf.config [8ms]
2025-05-11 23:52:56.791 [info] > git hash-object -t tree /dev/null [16ms]
2025-05-11 23:52:56.792 [warning] [GitFileSystemProvider][readFile] File not found - git:/home/stuart/Documents/Hyprland-Dotfiles/hyprland-dots/hyprdots/.config/hypr/userconf.config.git?%7B%22path%22%3A%22%2Fhome%2Fstuart%2FDocuments%2FHyprland-Dotfiles%2Fhyprland-dots%2Fhyprdots%2F.config%2Fhypr%2Fuserconf.config%22%2C%22ref%22%3A%22%22%7D
2025-05-11 23:52:56.793 [info] > git hash-object -t tree /dev/null [2ms]
2025-05-11 23:52:56.793 [warning] [GitFileSystemProvider][stat] File not found - git:/home/stuart/Documents/Hyprland-Dotfiles/hyprland-dots/hyprdots/.config/hypr/userconf.config.git?%7B%22path%22%3A%22%2Fhome%2Fstuart%2FDocuments%2FHyprland-Dotfiles%2Fhyprland-dots%2Fhyprdots%2F.config%2Fhypr%2Fuserconf.config%22%2C%22ref%22%3A%22%22%7D
2025-05-11 23:52:57.590 [info] > git config --get commit.template [7ms]
2025-05-11 23:52:57.591 [info] > git for-each-ref --format=%(refname)%00%(upstream:short)%00%(objectname)%00%(upstream:track)%00%(upstream:remotename)%00%(upstream:remoteref) refs/heads/main refs/remotes/main [2ms]
2025-05-11 23:52:57.601 [info] > git status -z -uall [5ms]
2025-05-11 23:52:57.602 [info] > git for-each-ref --sort -committerdate --format %(refname)%00%(objectname)%00%(*objectname) [1ms]
2025-05-11 23:53:02.623 [info] > git config --get commit.template [6ms]
2025-05-11 23:53:02.623 [info] > git for-each-ref --format=%(refname)%00%(upstream:short)%00%(objectname)%00%(upstream:track)%00%(upstream:remotename)%00%(upstream:remoteref) refs/heads/main refs/remotes/main [1ms]
2025-05-11 23:53:02.639 [info] > git status -z -uall [5ms]
2025-05-11 23:53:02.640 [info] > git for-each-ref --sort -committerdate --format %(refname)%00%(objectname)%00%(*objectname) [1ms]
2025-05-11 23:53:41.074 [info] > git log --format=%H%n%aN%n%aE%n%at%n%ct%n%P%n%D%n%B -z --shortstat --diff-merges=first-parent -n50 --skip=0 --topo-order --decorate=full --stdin [4ms]
2025-05-11 23:53:55.086 [info] > git config --get commit.template [7ms]
2025-05-11 23:53:55.086 [info] > git for-each-ref --format=%(refname)%00%(upstream:short)%00%(objectname)%00%(upstream:track)%00%(upstream:remotename)%00%(upstream:remoteref) refs/heads/main refs/remotes/main [1ms]
2025-05-11 23:53:55.100 [info] > git status -z -uall [8ms]
2025-05-11 23:53:55.101 [info] > git for-each-ref --sort -committerdate --format %(refname)%00%(objectname)%00%(*objectname) [1ms]
2025-05-11 23:53:59.310 [info] > git add -A -- . [2ms]
2025-05-11 23:53:59.326 [info] > git config --get commit.template [10ms]
2025-05-11 23:53:59.327 [info] > git for-each-ref --format=%(refname)%00%(upstream:short)%00%(objectname)%00%(upstream:track)%00%(upstream:remotename)%00%(upstream:remoteref) refs/heads/main refs/remotes/main [2ms]
2025-05-11 23:53:59.348 [info] > git status -z -uall [15ms]
2025-05-11 23:53:59.349 [info] > git for-each-ref --sort -committerdate --format %(refname)%00%(objectname)%00%(*objectname) [2ms]
2025-05-11 23:53:59.362 [info] > git -c user.useConfigOnly=true commit --quiet --allow-empty-message --file - [5ms]
2025-05-11 23:53:59.374 [info] > git config --get commit.template [2ms]
2025-05-11 23:53:59.392 [info] > git config --get commit.template [12ms]
2025-05-11 23:53:59.393 [info] > git for-each-ref --format=%(refname)%00%(upstream:short)%00%(objectname)%00%(upstream:track)%00%(upstream:remotename)%00%(upstream:remoteref) refs/heads/main refs/remotes/main [1ms]
2025-05-11 23:53:59.412 [info] > git status -z -uall [11ms]
2025-05-11 23:53:59.413 [info] > git for-each-ref --sort -committerdate --format %(refname)%00%(objectname)%00%(*objectname) [1ms]
2025-05-11 23:53:59.423 [info] > git merge-base refs/heads/main refs/remotes/origin/main [2ms]
2025-05-11 23:53:59.434 [info] > git diff --name-status -z --diff-filter=ADMR 7cbc8937dbe8d8f29fb2891d1e8fe2ad3ef33526...refs/remotes/origin/main [1ms]
2025-05-11 23:53:59.455 [info] > git log --format=%H%n%aN%n%aE%n%at%n%ct%n%P%n%D%n%B -z --shortstat --diff-merges=first-parent -n50 --skip=0 --topo-order --decorate=full --stdin [13ms]
2025-05-11 23:53:59.456 [info] > git config --get commit.template [2ms]
2025-05-11 23:53:59.468 [info] > git for-each-ref --format=%(refname)%00%(upstream:short)%00%(objectname)%00%(upstream:track)%00%(upstream:remotename)%00%(upstream:remoteref) refs/heads/main refs/remotes/main [1ms]
2025-05-11 23:53:59.489 [info] > git status -z -uall [14ms]
2025-05-11 23:53:59.490 [info] > git for-each-ref --sort -committerdate --format %(refname)%00%(objectname)%00%(*objectname) [3ms]
2025-05-11 23:53:59.811 [info] > git show --textconv :hyprdots/.config/hypr/userconf.config [10ms]
2025-05-11 23:53:59.813 [info] > git ls-files --stage -- hyprdots/.config/hypr/userconf.config [3ms]
2025-05-11 23:53:59.824 [info] > git cat-file -s 3e860944e1c745de9e444505c59c59f10eca1af5 [1ms]
2025-05-11 23:53:59.841 [info] > git blame --root --incremental 6f48bd42188c7014aec7daa7113bc117ed4447f1 -- hyprdots/.config/hypr/userconf.config [6ms]
2025-05-11 23:54:00.598 [info] > git ls-files --stage -- hyprdots/.config/hypr/userconf.config [1ms]
2025-05-11 23:54:00.604 [info] > git cat-file -s 3e860944e1c745de9e444505c59c59f10eca1af5 [1ms]
2025-05-11 23:54:00.617 [info] > git show --textconv :hyprdots/.config/hypr/userconf.config [1ms]
2025-05-11 23:54:05.067 [info] > git log --oneline --cherry main...main@{upstream} -- [2ms]
2025-05-11 23:54:05.474 [info] > git pull --tags origin main [400ms]
2025-05-11 23:54:05.474 [info] From https://github.com/daigonstar/hyprland-dots
 * branch            main       -> FETCH_HEAD
   7cbc893..f46064b  main       -> origin/main
hint: You have divergent branches and need to specify how to reconcile them.
hint: You can do so by running one of the following commands sometime before
hint: your next pull:
hint:
hint:   git config pull.rebase false  # merge
hint:   git config pull.rebase true   # rebase
hint:   git config pull.ff only       # fast-forward only
hint:
hint: You can replace "git config" with "git config --global" to set a default
hint: preference for all repositories. You can also pass --rebase, --no-rebase,
hint: or --ff-only on the command line to override the configured default per
hint: invocation.
fatal: Need to specify how to reconcile divergent branches.
2025-05-11 23:54:05.491 [info] > git config --get commit.template [6ms]
2025-05-11 23:54:05.493 [info] > git for-each-ref --format=%(refname)%00%(upstream:short)%00%(objectname)%00%(upstream:track)%00%(upstream:remotename)%00%(upstream:remoteref) refs/heads/main refs/remotes/main [2ms]
2025-05-11 23:54:05.508 [info] > git status -z -uall [6ms]
2025-05-11 23:54:05.509 [info] > git for-each-ref --sort -committerdate --format %(refname)%00%(objectname)%00%(*objectname) [1ms]
2025-05-11 23:54:05.527 [info] > git merge-base refs/heads/main refs/remotes/origin/main [2ms]
2025-05-11 23:54:05.547 [info] > git diff --name-status -z --diff-filter=ADMR 7cbc8937dbe8d8f29fb2891d1e8fe2ad3ef33526...refs/remotes/origin/main [12ms]
2025-05-11 23:54:05.549 [info] > git log --format=%H%n%aN%n%aE%n%at%n%ct%n%P%n%D%n%B -z --shortstat --diff-merges=first-parent -n50 --skip=0 --topo-order --decorate=full --stdin [3ms]
2025-05-11 23:54:13.525 [info] > git config --get commit.template [9ms]
2025-05-11 23:54:13.535 [info] > git for-each-ref --format=%(refname)%00%(upstream:short)%00%(objectname)%00%(upstream:track)%00%(upstream:remotename)%00%(upstream:remoteref) refs/heads/main refs/remotes/main [1ms]
2025-05-11 23:54:13.567 [info] > git status -z -uall [16ms]
2025-05-11 23:54:13.568 [info] > git for-each-ref --sort -committerdate --format %(refname)%00%(objectname)%00%(*objectname) [1ms]
2025-05-11 23:54:13.645 [info] > git ls-files --stage -- hyprdots/.config/hypr/userconf.config [1ms]
2025-05-11 23:54:13.676 [info] > git cat-file -s 3e860944e1c745de9e444505c59c59f10eca1af5 [12ms]
2025-05-11 23:54:13.762 [info] > git show --textconv :hyprdots/.config/hypr/userconf.config [1ms]
2025-05-11 23:54:33.729 [info] > git log --format=%H%n%aN%n%aE%n%at%n%ct%n%P%n%D%n%B -z --shortstat --diff-merges=first-parent -n50 --skip=0 --topo-order --decorate=full --stdin [3ms]
2025-05-11 23:54:40.901 [info] > git log --oneline --cherry main...main@{upstream} -- [2ms]
2025-05-11 23:54:41.212 [info] > git pull --tags origin main [294ms]
2025-05-11 23:54:41.212 [info] From https://github.com/daigonstar/hyprland-dots
 * branch            main       -> FETCH_HEAD
hint: You have divergent branches and need to specify how to reconcile them.
hint: You can do so by running one of the following commands sometime before
hint: your next pull:
hint:
hint:   git config pull.rebase false  # merge
hint:   git config pull.rebase true   # rebase
hint:   git config pull.ff only       # fast-forward only
hint:
hint: You can replace "git config" with "git config --global" to set a default
hint: preference for all repositories. You can also pass --rebase, --no-rebase,
hint: or --ff-only on the command line to override the configured default per
hint: invocation.
fatal: Need to specify how to reconcile divergent branches.
2025-05-11 23:54:41.228 [info] > git config --get commit.template [9ms]
2025-05-11 23:54:41.229 [info] > git for-each-ref --format=%(refname)%00%(upstream:short)%00%(objectname)%00%(upstream:track)%00%(upstream:remotename)%00%(upstream:remoteref) refs/heads/main refs/remotes/main [2ms]
2025-05-11 23:54:41.244 [info] > git status -z -uall [8ms]
2025-05-11 23:54:41.245 [info] > git for-each-ref --sort -committerdate --format %(refname)%00%(objectname)%00%(*objectname) [2ms]
2025-05-11 23:55:13.079 [info] > git config --get commit.template [20ms]
2025-05-11 23:55:13.085 [info] > git ls-files --stage -- hyprdots/.config/hypr/userconf.config [8ms]
2025-05-11 23:55:13.102 [info] > git for-each-ref --format=%(refname)%00%(upstream:short)%00%(objectname)%00%(upstream:track)%00%(upstream:remotename)%00%(upstream:remoteref) refs/heads/main refs/remotes/main [18ms]
2025-05-11 23:55:13.103 [info] > git cat-file -s 3e860944e1c745de9e444505c59c59f10eca1af5 [2ms]
2025-05-11 23:55:13.151 [info] > git status -z -uall [21ms]
2025-05-11 23:55:13.171 [info] > git for-each-ref --sort -committerdate --format %(refname)%00%(objectname)%00%(*objectname) [20ms]
2025-05-11 23:55:13.184 [info] > git show --textconv :hyprdots/.config/hypr/userconf.config [14ms]
2025-05-11 23:55:19.526 [info] > git rev-parse --show-toplevel [10ms]
2025-05-11 23:55:19.529 [info] fatal: not a git repository (or any of the parent directories): .git
2025-05-11 23:55:19.530 [info] > git log --oneline --cherry main...main@{upstream} -- [8ms]
2025-05-11 23:55:19.804 [info] > git pull --tags origin main [266ms]
2025-05-11 23:55:19.804 [info] From https://github.com/daigonstar/hyprland-dots
 * branch            main       -> FETCH_HEAD
hint: You have divergent branches and need to specify how to reconcile them.
hint: You can do so by running one of the following commands sometime before
hint: your next pull:
hint:
hint:   git config pull.rebase false  # merge
hint:   git config pull.rebase true   # rebase
hint:   git config pull.ff only       # fast-forward only
hint:
hint: You can replace "git config" with "git config --global" to set a default
hint: preference for all repositories. You can also pass --rebase, --no-rebase,
hint: or --ff-only on the command line to override the configured default per
hint: invocation.
fatal: Need to specify how to reconcile divergent branches.
2025-05-11 23:55:19.827 [info] > git config --get commit.template [11ms]
2025-05-11 23:55:19.828 [info] > git for-each-ref --format=%(refname)%00%(upstream:short)%00%(objectname)%00%(upstream:track)%00%(upstream:remotename)%00%(upstream:remoteref) refs/heads/main refs/remotes/main [2ms]
2025-05-11 23:55:19.851 [info] > git status -z -uall [13ms]
2025-05-11 23:55:19.852 [info] > git for-each-ref --sort -committerdate --format %(refname)%00%(objectname)%00%(*objectname) [1ms]
2025-05-11 23:55:23.323 [info] > git config --get commit.template [6ms]
2025-05-11 23:55:23.332 [info] > git ls-files --stage -- hyprdots/.config/hypr/userconf.config [8ms]
2025-05-11 23:55:23.339 [info] > git for-each-ref --format=%(refname)%00%(upstream:short)%00%(objectname)%00%(upstream:track)%00%(upstream:remotename)%00%(upstream:remoteref) refs/heads/main refs/remotes/main [8ms]
2025-05-11 23:55:23.340 [info] > git cat-file -s 3e860944e1c745de9e444505c59c59f10eca1af5 [2ms]
2025-05-11 23:55:23.355 [info] > git status -z -uall [8ms]
2025-05-11 23:55:23.363 [info] > git for-each-ref --sort -committerdate --format %(refname)%00%(objectname)%00%(*objectname) [9ms]
2025-05-11 23:55:23.365 [info] > git show --textconv :hyprdots/.config/hypr/userconf.config [3ms]
2025-05-11 23:55:31.803 [info] > git for-each-ref --sort -committerdate --format %(refname)%00%(objectname)%00%(*objectname)%00%(parent)%00%(*parent)%00%(authorname)%00%(*authorname)%00%(committerdate:unix)%00%(*committerdate:unix)%00%(subject)%00%(*subject)%00%(upstream:track) [2ms]
2025-05-11 23:55:35.578 [info] > git for-each-ref --sort -committerdate --format %(refname)%00%(objectname)%00%(*objectname)%00%(parent)%00%(*parent)%00%(authorname)%00%(*authorname)%00%(committerdate:unix)%00%(*committerdate:unix)%00%(subject)%00%(*subject)%00%(upstream:track) [2ms]
2025-05-11 23:55:43.294 [info] > git for-each-ref --sort -committerdate --format %(refname)%00%(objectname)%00%(*objectname) refs/heads [1ms]
2025-05-11 23:55:55.261 [info] > git checkout -q -b stage --no-track origin/main [8ms]
2025-05-11 23:55:55.280 [info] > git config --get commit.template [3ms]
2025-05-11 23:55:55.299 [info] > git for-each-ref --format=%(refname)%00%(upstream:short)%00%(objectname)%00%(upstream:track)%00%(upstream:remotename)%00%(upstream:remoteref) refs/heads/stage refs/remotes/stage [3ms]
2025-05-11 23:55:55.327 [info] > git status -z -uall [10ms]
2025-05-11 23:55:55.338 [info] > git for-each-ref --sort -committerdate --format %(refname)%00%(objectname)%00%(*objectname) [12ms]
2025-05-11 23:55:55.376 [info] > git blame --root --incremental f46064b7fb414f5730c347649197d82f43220824 -- hyprdots/.config/hypr/userconf.config [18ms]
2025-05-11 23:55:55.376 [info] fatal: no such path hyprdots/.config/hypr/userconf.config in f46064b7fb414f5730c347649197d82f43220824
2025-05-11 23:55:55.384 [info] > git for-each-ref --format=%(refname)%00%(upstream:short)%00%(objectname)%00%(upstream:track)%00%(upstream:remotename)%00%(upstream:remoteref) refs/heads/stage refs/remotes/stage [9ms]
2025-05-11 23:55:55.393 [info] > git config --get --local branch.stage.vscode-merge-base [2ms]
2025-05-11 23:55:55.393 [warning] [Git][config] git config failed: Failed to execute git
2025-05-11 23:55:55.406 [info] > git reflog stage --grep-reflog=branch: Created from *. [2ms]
2025-05-11 23:55:55.418 [info] > git for-each-ref --format=%(refname)%00%(upstream:short)%00%(objectname)%00%(upstream:track)%00%(upstream:remotename)%00%(upstream:remoteref) refs/heads/origin/main refs/remotes/origin/main [1ms]
2025-05-11 23:55:55.427 [info] > git config --add --local branch.stage.vscode-merge-base origin/main [2ms]
2025-05-11 23:55:55.455 [info] > git config --get commit.template [8ms]
2025-05-11 23:55:55.457 [info] > git for-each-ref --format=%(refname)%00%(upstream:short)%00%(objectname)%00%(upstream:track)%00%(upstream:remotename)%00%(upstream:remoteref) refs/heads/stage refs/remotes/stage [6ms]
2025-05-11 23:55:55.479 [info] > git status -z -uall [14ms]
2025-05-11 23:55:55.480 [info] > git for-each-ref --sort -committerdate --format %(refname)%00%(objectname)%00%(*objectname) [2ms]
2025-05-11 23:55:55.495 [info] > git for-each-ref --format=%(refname)%00%(upstream:short)%00%(objectname)%00%(upstream:track)%00%(upstream:remotename)%00%(upstream:remoteref) refs/heads/stage refs/remotes/stage [7ms]
2025-05-11 23:55:55.512 [info] > git config --get --local branch.stage.vscode-merge-base [11ms]
2025-05-11 23:55:55.520 [info] > git log --format=%H%n%aN%n%aE%n%at%n%ct%n%P%n%D%n%B -z --shortstat --diff-merges=first-parent -n50 --skip=0 --topo-order --decorate=full --stdin [8ms]
2025-05-11 23:55:55.522 [info] > git for-each-ref --format=%(refname)%00%(upstream:short)%00%(objectname)%00%(upstream:track)%00%(upstream:remotename)%00%(upstream:remoteref) refs/heads/origin/main refs/remotes/origin/main [3ms]
2025-05-11 23:55:56.580 [info] > git config --get commit.template [7ms]
2025-05-11 23:55:56.580 [info] > git for-each-ref --format=%(refname)%00%(upstream:short)%00%(objectname)%00%(upstream:track)%00%(upstream:remotename)%00%(upstream:remoteref) refs/heads/stage refs/remotes/stage [1ms]
2025-05-11 23:55:56.594 [info] > git status -z -uall [8ms]
2025-05-11 23:55:56.595 [info] > git for-each-ref --sort -committerdate --format %(refname)%00%(objectname)%00%(*objectname) [2ms]
2025-05-11 23:55:56.675 [info] > git ls-files --stage -- hyprdots/.config/hypr/userconf.config [1ms]
2025-05-11 23:55:56.675 [warning] [GitFileSystemProvider][stat] File not found - git:/home/stuart/Documents/Hyprland-Dotfiles/hyprland-dots/hyprdots/.config/hypr/userconf.config.git?%7B%22path%22%3A%22%2Fhome%2Fstuart%2FDocuments%2FHyprland-Dotfiles%2Fhyprland-dots%2Fhyprdots%2F.config%2Fhypr%2Fuserconf.config%22%2C%22ref%22%3A%22%22%7D
2025-05-11 23:56:01.328 [info] > git push -u origin stage [957ms]
2025-05-11 23:56:01.328 [info] /bin/sh: warning: setlocale: LC_ALL: cannot change locale (en_US.UTF-8): No such file or directory
/bin/sh: warning: setlocale: LC_ALL: cannot change locale (en_US.UTF-8): No such file or directory
remote: 
remote: Create a pull request for 'stage' on GitHub by visiting:        
remote:      https://github.com/daigonstar/hyprland-dots/pull/new/stage        
remote: 
To https://github.com/daigonstar/hyprland-dots
 * [new branch]      stage -> stage
2025-05-11 23:56:01.337 [info] > git config --get commit.template [1ms]
2025-05-11 23:56:01.345 [info] > git for-each-ref --format=%(refname)%00%(upstream:short)%00%(objectname)%00%(upstream:track)%00%(upstream:remotename)%00%(upstream:remoteref) refs/heads/stage refs/remotes/stage [2ms]
2025-05-11 23:56:01.361 [info] > git status -z -uall [9ms]
2025-05-11 23:56:01.362 [info] > git for-each-ref --sort -committerdate --format %(refname)%00%(objectname)%00%(*objectname) [2ms]
2025-05-11 23:56:01.374 [info] > git merge-base refs/heads/stage refs/remotes/origin/stage [3ms]
2025-05-11 23:56:01.388 [info] > git diff --name-status -z --diff-filter=ADMR f46064b7fb414f5730c347649197d82f43220824...refs/remotes/origin/stage [7ms]
2025-05-11 23:56:01.393 [info] > git log --format=%H%n%aN%n%aE%n%at%n%ct%n%P%n%D%n%B -z --shortstat --diff-merges=first-parent -n50 --skip=0 --topo-order --decorate=full --stdin [5ms]
2025-05-11 23:56:02.421 [info] > git config --get commit.template [7ms]
2025-05-11 23:56:02.422 [info] > git for-each-ref --format=%(refname)%00%(upstream:short)%00%(objectname)%00%(upstream:track)%00%(upstream:remotename)%00%(upstream:remoteref) refs/heads/stage refs/remotes/stage [2ms]
2025-05-11 23:56:02.437 [info] > git status -z -uall [7ms]
2025-05-11 23:56:02.437 [info] > git for-each-ref --sort -committerdate --format %(refname)%00%(objectname)%00%(*objectname) [1ms]
2025-05-11 23:56:02.517 [info] > git ls-files --stage -- hyprdots/.config/hypr/userconf.config [2ms]
2025-05-11 23:56:02.518 [warning] [GitFileSystemProvider][stat] File not found - git:/home/stuart/Documents/Hyprland-Dotfiles/hyprland-dots/hyprdots/.config/hypr/userconf.config.git?%7B%22path%22%3A%22%2Fhome%2Fstuart%2FDocuments%2FHyprland-Dotfiles%2Fhyprland-dots%2Fhyprdots%2F.config%2Fhypr%2Fuserconf.config%22%2C%22ref%22%3A%22%22%7D
2025-05-11 23:56:21.348 [info] > git show --textconv :hyprdots/.config/hypr/autostart.conf [10ms]
2025-05-11 23:56:21.348 [info] > git ls-files --stage -- hyprdots/.config/hypr/autostart.conf [1ms]
2025-05-11 23:56:21.358 [info] > git cat-file -s 3c1a880fc6039caa1c5871e1603919407c286b1a [1ms]
2025-05-11 23:56:21.374 [info] > git blame --root --incremental f46064b7fb414f5730c347649197d82f43220824 -- hyprdots/.config/hypr/autostart.conf [2ms]
2025-05-11 23:56:22.118 [info] > git show --textconv :README.md [8ms]
2025-05-11 23:56:22.120 [info] > git ls-files --stage -- README.md [3ms]
2025-05-11 23:56:22.128 [info] > git cat-file -s 63a990f821d9b08035caa0a24fea4d1d5327aef3 [2ms]
2025-05-11 23:56:22.142 [info] > git blame --root --incremental f46064b7fb414f5730c347649197d82f43220824 -- README.md [2ms]
2025-05-11 23:56:27.856 [info] > git show --textconv :README.md [12ms]
2025-05-11 23:56:27.856 [info] > git ls-files --stage -- README.md [1ms]
2025-05-11 23:56:27.869 [info] > git cat-file -s 63a990f821d9b08035caa0a24fea4d1d5327aef3 [6ms]
2025-05-11 23:56:35.634 [info] > git show --textconv :hyprdots/.config/hypr/userconf.config [6ms]
2025-05-11 23:56:35.634 [warning] [GitFileSystemProvider][readFile] File not found - git:/home/stuart/Documents/Hyprland-Dotfiles/hyprland-dots/hyprdots/.config/hypr/userconf.config.git?%7B%22path%22%3A%22%2Fhome%2Fstuart%2FDocuments%2FHyprland-Dotfiles%2Fhyprland-dots%2Fhyprdots%2F.config%2Fhypr%2Fuserconf.config%22%2C%22ref%22%3A%22%22%7D
2025-05-11 23:56:35.634 [info] > git ls-files --stage -- hyprdots/.config/hypr/userconf.config [1ms]
2025-05-11 23:56:35.635 [warning] [GitFileSystemProvider][stat] File not found - git:/home/stuart/Documents/Hyprland-Dotfiles/hyprland-dots/hyprdots/.config/hypr/userconf.config.git?%7B%22path%22%3A%22%2Fhome%2Fstuart%2FDocuments%2FHyprland-Dotfiles%2Fhyprland-dots%2Fhyprdots%2F.config%2Fhypr%2Fuserconf.config%22%2C%22ref%22%3A%22%22%7D
2025-05-11 23:56:36.476 [info] > git config --get commit.template [2ms]
2025-05-11 23:56:36.485 [info] > git for-each-ref --format=%(refname)%00%(upstream:short)%00%(objectname)%00%(upstream:track)%00%(upstream:remotename)%00%(upstream:remoteref) refs/heads/stage refs/remotes/stage [2ms]
2025-05-11 23:56:36.500 [info] > git status -z -uall [8ms]
2025-05-11 23:56:36.501 [info] > git for-each-ref --sort -committerdate --format %(refname)%00%(objectname)%00%(*objectname) [1ms]
2025-05-11 23:56:42.275 [info] > git config --get commit.template [11ms]
2025-05-11 23:56:42.276 [info] > git for-each-ref --format=%(refname)%00%(upstream:short)%00%(objectname)%00%(upstream:track)%00%(upstream:remotename)%00%(upstream:remoteref) refs/heads/stage refs/remotes/stage [2ms]
2025-05-11 23:56:42.294 [info] > git status -z -uall [12ms]
2025-05-11 23:56:42.295 [info] > git for-each-ref --sort -committerdate --format %(refname)%00%(objectname)%00%(*objectname) [2ms]
2025-05-11 23:56:47.537 [info] > git log --format=%H%n%aN%n%aE%n%at%n%ct%n%P%n%D%n%B -z --shortstat --diff-merges=first-parent -n50 --skip=0 --topo-order --decorate=full --stdin [4ms]
2025-05-11 23:57:20.304 [info] > git config --get commit.template [7ms]
2025-05-11 23:57:20.306 [info] > git for-each-ref --format=%(refname)%00%(upstream:short)%00%(objectname)%00%(upstream:track)%00%(upstream:remotename)%00%(upstream:remoteref) refs/heads/stage refs/remotes/stage [3ms]
2025-05-11 23:57:20.319 [info] > git status -z -uall [7ms]
2025-05-11 23:57:20.320 [info] > git for-each-ref --sort -committerdate --format %(refname)%00%(objectname)%00%(*objectname) [2ms]
2025-05-11 23:57:27.942 [info] > git config --get commit.template [6ms]
2025-05-11 23:57:27.943 [info] > git for-each-ref --format=%(refname)%00%(upstream:short)%00%(objectname)%00%(upstream:track)%00%(upstream:remotename)%00%(upstream:remoteref) refs/heads/stage refs/remotes/stage [2ms]
2025-05-11 23:57:27.960 [info] > git status -z -uall [7ms]
2025-05-11 23:57:27.961 [info] > git for-each-ref --sort -committerdate --format %(refname)%00%(objectname)%00%(*objectname) [1ms]
2025-05-11 23:57:42.092 [info] > git add -A -- . [8ms]
2025-05-11 23:57:42.613 [info] > git show --textconv :.git/COMMIT_EDITMSG [7ms]
2025-05-11 23:57:42.613 [warning] [GitFileSystemProvider][readFile] File not found - git:/home/stuart/Documents/Hyprland-Dotfiles/hyprland-dots/.git/COMMIT_EDITMSG.git?%7B%22path%22%3A%22%2Fhome%2Fstuart%2FDocuments%2FHyprland-Dotfiles%2Fhyprland-dots%2F.git%2FCOMMIT_EDITMSG%22%2C%22ref%22%3A%22%22%7D
2025-05-11 23:57:42.613 [info] > git ls-files --stage -- .git/COMMIT_EDITMSG [1ms]
2025-05-11 23:57:42.614 [warning] [GitFileSystemProvider][stat] File not found - git:/home/stuart/Documents/Hyprland-Dotfiles/hyprland-dots/.git/COMMIT_EDITMSG.git?%7B%22path%22%3A%22%2Fhome%2Fstuart%2FDocuments%2FHyprland-Dotfiles%2Fhyprland-dots%2F.git%2FCOMMIT_EDITMSG%22%2C%22ref%22%3A%22%22%7D
2025-05-11 23:57:42.935 [info] > git check-ignore -v -z --stdin [1ms]
2025-05-11 23:57:51.781 [info] > git blame --root --incremental f46064b7fb414f5730c347649197d82f43220824 -- .git/COMMIT_EDITMSG [2ms]
2025-05-11 23:57:51.781 [info] fatal: no such path .git/COMMIT_EDITMSG in f46064b7fb414f5730c347649197d82f43220824
2025-05-11 23:58:17.978 [info] > git -c user.useConfigOnly=true commit --quiet [35857ms]
2025-05-11 23:58:17.978 [info] /bin/sh: warning: setlocale: LC_ALL: cannot change locale (en_US.UTF-8): No such file or directory
/bin/sh: warning: setlocale: LC_ALL: cannot change locale (en_US.UTF-8): No such file or directory
2025-05-11 23:58:17.993 [info] > git config --get commit.template [6ms]
2025-05-11 23:58:18.001 [info] > git for-each-ref --format=%(refname)%00%(upstream:short)%00%(objectname)%00%(upstream:track)%00%(upstream:remotename)%00%(upstream:remoteref) refs/heads/stage refs/remotes/stage [1ms]
2025-05-11 23:58:18.021 [info] > git status -z -uall [9ms]
2025-05-11 23:58:18.022 [info] > git for-each-ref --sort -committerdate --format %(refname)%00%(objectname)%00%(*objectname) [2ms]
2025-05-11 23:58:18.041 [info] > git merge-base refs/heads/stage refs/remotes/origin/stage [3ms]
2025-05-11 23:58:18.057 [info] > git diff --name-status -z --diff-filter=ADMR f46064b7fb414f5730c347649197d82f43220824...refs/remotes/origin/stage [3ms]
2025-05-11 23:58:18.089 [info] > git log --format=%H%n%aN%n%aE%n%at%n%ct%n%P%n%D%n%B -z --shortstat --diff-merges=first-parent -n50 --skip=0 --topo-order --decorate=full --stdin [10ms]
2025-05-11 23:58:18.090 [info] > git config --get commit.template [2ms]
2025-05-11 23:58:18.109 [info] > git for-each-ref --format=%(refname)%00%(upstream:short)%00%(objectname)%00%(upstream:track)%00%(upstream:remotename)%00%(upstream:remoteref) refs/heads/stage refs/remotes/stage [2ms]
2025-05-11 23:58:18.129 [info] > git status -z -uall [7ms]
2025-05-11 23:58:18.130 [info] > git for-each-ref --sort -committerdate --format %(refname)%00%(objectname)%00%(*objectname) [2ms]
2025-05-11 23:58:18.368 [info] > git show --textconv :hyprdots/.config/hypr/userconf.config [12ms]
2025-05-11 23:58:18.368 [info] > git ls-files --stage -- hyprdots/.config/hypr/userconf.config [1ms]
2025-05-11 23:58:18.381 [info] > git cat-file -s 3e860944e1c745de9e444505c59c59f10eca1af5 [2ms]
2025-05-11 23:58:18.415 [info] > git blame --root --incremental 061bb1afcf021b807dbe7b12fd5e26d126de16e5 -- hyprdots/.config/hypr/userconf.config [8ms]
2025-05-11 23:58:19.176 [info] > git ls-files --stage -- hyprdots/.config/hypr/userconf.config [1ms]
2025-05-11 23:58:19.182 [info] > git cat-file -s 3e860944e1c745de9e444505c59c59f10eca1af5 [1ms]
2025-05-11 23:58:19.196 [info] > git show --textconv :hyprdots/.config/hypr/userconf.config [1ms]
2025-05-11 23:58:21.835 [info] > git log --oneline --cherry stage...stage@{upstream} -- [1ms]
2025-05-11 23:58:22.150 [info] > git pull --tags origin stage [307ms]
2025-05-11 23:58:22.150 [info] From https://github.com/daigonstar/hyprland-dots
 * branch            stage      -> FETCH_HEAD
2025-05-11 23:58:23.070 [info] > git push origin stage:stage [913ms]
2025-05-11 23:58:23.070 [info] /bin/sh: warning: setlocale: LC_ALL: cannot change locale (en_US.UTF-8): No such file or directory
/bin/sh: warning: setlocale: LC_ALL: cannot change locale (en_US.UTF-8): No such file or directory
To https://github.com/daigonstar/hyprland-dots
   f46064b..061bb1a  stage -> stage
2025-05-11 23:58:23.085 [info] > git config --get commit.template [9ms]
2025-05-11 23:58:23.086 [info] > git for-each-ref --format=%(refname)%00%(upstream:short)%00%(objectname)%00%(upstream:track)%00%(upstream:remotename)%00%(upstream:remoteref) refs/heads/stage refs/remotes/stage [2ms]
2025-05-11 23:58:23.101 [info] > git status -z -uall [9ms]
2025-05-11 23:58:23.102 [info] > git for-each-ref --sort -committerdate --format %(refname)%00%(objectname)%00%(*objectname) [1ms]
2025-05-11 23:58:23.120 [info] > git merge-base refs/heads/stage refs/remotes/origin/stage [4ms]
2025-05-11 23:58:23.143 [info] > git diff --name-status -z --diff-filter=ADMR 061bb1afcf021b807dbe7b12fd5e26d126de16e5...refs/remotes/origin/stage [10ms]
2025-05-11 23:58:23.146 [info] > git log --format=%H%n%aN%n%aE%n%at%n%ct%n%P%n%D%n%B -z --shortstat --diff-merges=first-parent -n50 --skip=0 --topo-order --decorate=full --stdin [3ms]
2025-05-11 23:58:24.162 [info] > git config --get commit.template [7ms]
2025-05-11 23:58:24.163 [info] > git for-each-ref --format=%(refname)%00%(upstream:short)%00%(objectname)%00%(upstream:track)%00%(upstream:remotename)%00%(upstream:remoteref) refs/heads/stage refs/remotes/stage [2ms]
2025-05-11 23:58:24.177 [info] > git status -z -uall [8ms]
2025-05-11 23:58:24.178 [info] > git for-each-ref --sort -committerdate --format %(refname)%00%(objectname)%00%(*objectname) [1ms]
2025-05-11 23:58:24.254 [info] > git ls-files --stage -- hyprdots/.config/hypr/userconf.config [1ms]
2025-05-11 23:58:24.263 [info] > git cat-file -s 3e860944e1c745de9e444505c59c59f10eca1af5 [1ms]
2025-05-11 23:58:24.271 [info] > git show --textconv :hyprdots/.config/hypr/userconf.config [2ms]
2025-05-11 23:59:38.152 [info] > git for-each-ref --sort -committerdate --format %(refname)%00%(objectname)%00%(*objectname)%00%(parent)%00%(*parent)%00%(authorname)%00%(*authorname)%00%(committerdate:unix)%00%(*committerdate:unix)%00%(subject)%00%(*subject)%00%(upstream:track) [7ms]
2025-05-11 23:59:41.050 [info] > git checkout -q main [3ms]
2025-05-11 23:59:41.065 [info] > git config --get commit.template [7ms]
2025-05-11 23:59:41.066 [info] > git for-each-ref --format=%(refname)%00%(upstream:short)%00%(objectname)%00%(upstream:track)%00%(upstream:remotename)%00%(upstream:remoteref) refs/heads/main refs/remotes/main [1ms]
2025-05-11 23:59:41.083 [info] > git status -z -uall [8ms]
2025-05-11 23:59:41.084 [info] > git for-each-ref --sort -committerdate --format %(refname)%00%(objectname)%00%(*objectname) [2ms]
2025-05-11 23:59:41.095 [info] > git for-each-ref --format=%(refname)%00%(upstream:short)%00%(objectname)%00%(upstream:track)%00%(upstream:remotename)%00%(upstream:remoteref) refs/heads/main refs/remotes/main [2ms]
2025-05-11 23:59:41.104 [info] > git config --get --local branch.main.vscode-merge-base [1ms]
2025-05-11 23:59:41.121 [info] > git for-each-ref --format=%(refname)%00%(upstream:short)%00%(objectname)%00%(upstream:track)%00%(upstream:remotename)%00%(upstream:remoteref) refs/heads/origin/main refs/remotes/origin/main [5ms]
2025-05-11 23:59:41.131 [info] > git merge-base refs/heads/main refs/remotes/origin/main [1ms]
2025-05-11 23:59:41.157 [info] > git diff --name-status -z --diff-filter=ADMR 7cbc8937dbe8d8f29fb2891d1e8fe2ad3ef33526...refs/remotes/origin/main [15ms]
2025-05-11 23:59:41.160 [info] > git log --format=%H%n%aN%n%aE%n%at%n%ct%n%P%n%D%n%B -z --shortstat --diff-merges=first-parent -n50 --skip=0 --topo-order --decorate=full --stdin [4ms]
2025-05-11 23:59:42.143 [info] > git config --get commit.template [5ms]
2025-05-11 23:59:42.145 [info] > git for-each-ref --format=%(refname)%00%(upstream:short)%00%(objectname)%00%(upstream:track)%00%(upstream:remotename)%00%(upstream:remoteref) refs/heads/main refs/remotes/main [2ms]
2025-05-11 23:59:42.160 [info] > git status -z -uall [7ms]
2025-05-11 23:59:42.161 [info] > git for-each-ref --sort -committerdate --format %(refname)%00%(objectname)%00%(*objectname) [2ms]
2025-05-11 23:59:42.241 [info] > git ls-files --stage -- hyprdots/.config/hypr/userconf.config [1ms]
2025-05-11 23:59:42.248 [info] > git cat-file -s 3e860944e1c745de9e444505c59c59f10eca1af5 [1ms]
2025-05-11 23:59:42.258 [info] > git show --textconv :hyprdots/.config/hypr/userconf.config [1ms]
2025-05-11 23:59:46.145 [info] > git log --oneline --cherry main...main@{upstream} -- [3ms]
2025-05-11 23:59:46.532 [info] > git pull --tags origin main [372ms]
2025-05-11 23:59:46.532 [info] From https://github.com/daigonstar/hyprland-dots
 * branch            main       -> FETCH_HEAD
   f46064b..87d8a23  main       -> origin/main
hint: You have divergent branches and need to specify how to reconcile them.
hint: You can do so by running one of the following commands sometime before
hint: your next pull:
hint:
hint:   git config pull.rebase false  # merge
hint:   git config pull.rebase true   # rebase
hint:   git config pull.ff only       # fast-forward only
hint:
hint: You can replace "git config" with "git config --global" to set a default
hint: preference for all repositories. You can also pass --rebase, --no-rebase,
hint: or --ff-only on the command line to override the configured default per
hint: invocation.
fatal: Need to specify how to reconcile divergent branches.
2025-05-11 23:59:46.540 [info] > git config --get commit.template [1ms]
2025-05-11 23:59:46.553 [info] > git for-each-ref --format=%(refname)%00%(upstream:short)%00%(objectname)%00%(upstream:track)%00%(upstream:remotename)%00%(upstream:remoteref) refs/heads/main refs/remotes/main [2ms]
2025-05-11 23:59:46.573 [info] > git status -z -uall [8ms]
2025-05-11 23:59:46.574 [info] > git for-each-ref --sort -committerdate --format %(refname)%00%(objectname)%00%(*objectname) [2ms]
2025-05-11 23:59:46.588 [info] > git merge-base refs/heads/main refs/remotes/origin/main [1ms]
2025-05-11 23:59:46.607 [info] > git diff --name-status -z --diff-filter=ADMR 7cbc8937dbe8d8f29fb2891d1e8fe2ad3ef33526...refs/remotes/origin/main [8ms]
2025-05-11 23:59:46.616 [info] > git log --format=%H%n%aN%n%aE%n%at%n%ct%n%P%n%D%n%B -z --shortstat --diff-merges=first-parent -n50 --skip=0 --topo-order --decorate=full --stdin [10ms]
2025-05-11 23:59:54.903 [info] > git config --get commit.template [1ms]
2025-05-11 23:59:54.952 [info] > git for-each-ref --format=%(refname)%00%(upstream:short)%00%(objectname)%00%(upstream:track)%00%(upstream:remotename)%00%(upstream:remoteref) refs/heads/main refs/remotes/main [26ms]
2025-05-11 23:59:54.953 [info] > git ls-files --stage -- hyprdots/.config/hypr/userconf.config [3ms]
2025-05-11 23:59:55.036 [info] > git status -z -uall [21ms]
2025-05-11 23:59:55.036 [info] > git cat-file -s 3e860944e1c745de9e444505c59c59f10eca1af5 [49ms]
2025-05-11 23:59:55.037 [info] > git for-each-ref --sort -committerdate --format %(refname)%00%(objectname)%00%(*objectname) [2ms]
2025-05-11 23:59:55.070 [info] > git show --textconv :hyprdots/.config/hypr/userconf.config [1ms]
2025-05-12 00:00:45.826 [info] > git for-each-ref --sort -committerdate --format %(refname)%00%(objectname)%00%(*objectname)%00%(parent)%00%(*parent)%00%(authorname)%00%(*authorname)%00%(committerdate:unix)%00%(*committerdate:unix)%00%(subject)%00%(*subject)%00%(upstream:track) [2ms]
2025-05-12 00:00:52.584 [info] > git log --oneline --cherry main...main@{upstream} -- [3ms]
2025-05-12 00:00:58.642 [info] > git rev-parse --show-toplevel [7ms]
2025-05-12 00:00:58.642 [info] fatal: not a git repository (or any of the parent directories): .git
2025-05-12 00:00:58.918 [info] > git pull --tags origin main [277ms]
2025-05-12 00:00:58.918 [info] From https://github.com/daigonstar/hyprland-dots
 * branch            main       -> FETCH_HEAD
hint: You have divergent branches and need to specify how to reconcile them.
hint: You can do so by running one of the following commands sometime before
hint: your next pull:
hint:
hint:   git config pull.rebase false  # merge
hint:   git config pull.rebase true   # rebase
hint:   git config pull.ff only       # fast-forward only
hint:
hint: You can replace "git config" with "git config --global" to set a default
hint: preference for all repositories. You can also pass --rebase, --no-rebase,
hint: or --ff-only on the command line to override the configured default per
hint: invocation.
fatal: Need to specify how to reconcile divergent branches.
2025-05-12 00:00:58.933 [info] > git config --get commit.template [9ms]
2025-05-12 00:00:58.934 [info] > git for-each-ref --format=%(refname)%00%(upstream:short)%00%(objectname)%00%(upstream:track)%00%(upstream:remotename)%00%(upstream:remoteref) refs/heads/main refs/remotes/main [2ms]
2025-05-12 00:00:58.952 [info] > git status -z -uall [11ms]
2025-05-12 00:00:58.953 [info] > git for-each-ref --sort -committerdate --format %(refname)%00%(objectname)%00%(*objectname) [2ms]
2025-05-12 00:01:15.325 [info] > git config --get commit.template [21ms]
2025-05-12 00:01:15.346 [info] > git ls-files --stage -- hyprdots/.config/hypr/userconf.config [21ms]
2025-05-12 00:01:15.377 [info] > git for-each-ref --format=%(refname)%00%(upstream:short)%00%(objectname)%00%(upstream:track)%00%(upstream:remotename)%00%(upstream:remoteref) refs/heads/main refs/remotes/main [33ms]
2025-05-12 00:01:15.379 [info] > git cat-file -s 3e860944e1c745de9e444505c59c59f10eca1af5 [2ms]
2025-05-12 00:01:15.446 [info] > git status -z -uall [42ms]
2025-05-12 00:01:15.446 [info] > git for-each-ref --sort -committerdate --format %(refname)%00%(objectname)%00%(*objectname) [1ms]
2025-05-12 00:01:15.476 [info] > git show --textconv :hyprdots/.config/hypr/userconf.config [1ms]
