2025-05-15 23:23:58.584 [info] Started local extension host with pid 19878.
2025-05-15 23:23:58.678 [info] ComputeTargetPlatform: linux-x64
2025-05-15 23:24:01.557 [info] [perf] Render performance baseline is 19ms
2025-05-15 23:27:28.367 [warning] [File Watcher (node.js)] Watcher shutdown because watched path got deleted
2025-05-15 23:28:00.276 [warning] [File Watcher (node.js)] Watcher shutdown because watched path got deleted
2025-05-15 23:28:30.846 [warning] [File Watcher (node.js)] Watcher shutdown because watched path got deleted
2025-05-15 23:31:29.069 [info] Started local extension host with pid 21893.
2025-05-15 23:31:29.097 [info] ComputeTargetPlatform: linux-x64
2025-05-15 23:31:29.313 [info] ChatSessionStore: Migrating 0 chat sessions from storage service to file system
2025-05-15 23:31:31.737 [info] [perf] Render performance baseline is 18ms
2025-05-15 23:34:20.125 [warning] [File Watcher] Watcher shutdown because watched path got deleted (path: /home/stuart/Documents/KDEPlasma6-DotFiles)
2025-05-15 23:34:20.125 [error] [File Watcher (node.js)] Failed to watch /home/stuart/Documents/KDEPlasma6-DotFiles/.git/refs/remotes/origin/main for changes using fs.watch() (Error: ENOENT: no such file or directory, watch '/home/stuart/Documents/KDEPlasma6-DotFiles/.git/refs/remotes/origin/main')
2025-05-15 23:34:21.134 [error] [Extension Host] Error: spawn git ENOENT
	at ChildProcess._handle.onexit (node:internal/child_process:285:19)
	at onErrorNT (node:internal/child_process:483:16)
	at process.processTicksAndRejections (node:internal/process/task_queues:82:21)
2025-05-15 23:34:21.134 [error] [Extension Host] Error: Unexpected SIGPIPE
	at process.<anonymous> (file:///usr/lib/code/out/bootstrap-fork.js:3:11860)
	at process.emit (node:events:524:28)
2025-05-15 23:34:22.135 [error] An unknown error occurred. Please consult the log for more details.
2025-05-15 23:35:24.424 [info] Started local extension host with pid 22335.
2025-05-15 23:35:24.455 [info] ComputeTargetPlatform: linux-x64
2025-05-15 23:35:24.495 [info] ChatSessionStore: Migrating 0 chat sessions from storage service to file system
2025-05-15 23:35:27.095 [info] [perf] Render performance baseline is 20ms
